{"H:\\Remek\\Etterem_vizsgaremek\\Etterem_backend\\app.js": {"path":"H:\\Remek\\Etterem_vizsgaremek\\Etterem_backend\\app.js","statementMap":{"0":{"start":{"line":1,"column":16},"end":{"line":1,"column":34}},"1":{"start":{"line":2,"column":12},"end":{"line":2,"column":21}},"2":{"start":{"line":3,"column":0},"end":{"line":3,"column":23}},"3":{"start":{"line":4,"column":0},"end":{"line":4,"column":44}},"4":{"start":{"line":6,"column":21},"end":{"line":6,"column":45}},"5":{"start":{"line":7,"column":0},"end":{"line":7,"column":23}},"6":{"start":{"line":9,"column":13},"end":{"line":9,"column":28}},"7":{"start":{"line":10,"column":0},"end":{"line":10,"column":16}},"8":{"start":{"line":12,"column":0},"end":{"line":19,"column":1}},"9":{"start":{"line":21,"column":21},"end":{"line":21,"column":62}},"10":{"start":{"line":23,"column":19},"end":{"line":23,"column":53}},"11":{"start":{"line":24,"column":23},"end":{"line":24,"column":61}},"12":{"start":{"line":25,"column":19},"end":{"line":25,"column":53}},"13":{"start":{"line":26,"column":19},"end":{"line":26,"column":53}},"14":{"start":{"line":31,"column":0},"end":{"line":31,"column":30}},"15":{"start":{"line":32,"column":0},"end":{"line":32,"column":34}},"16":{"start":{"line":33,"column":0},"end":{"line":33,"column":29}},"17":{"start":{"line":36,"column":0},"end":{"line":36,"column":39}},"18":{"start":{"line":38,"column":0},"end":{"line":38,"column":35}},"19":{"start":{"line":39,"column":0},"end":{"line":39,"column":31}},"20":{"start":{"line":41,"column":0},"end":{"line":41,"column":20}}},"fnMap":{},"branchMap":{},"s":{"0":1,"1":1,"2":1,"3":1,"4":1,"5":1,"6":1,"7":1,"8":1,"9":1,"10":1,"11":1,"12":1,"13":1,"14":1,"15":1,"16":1,"17":1,"18":1,"19":1,"20":1},"f":{},"b":{},"_coverageSchema":"1a1c01bbd47fc00a2c39e90264f33305004495a9","hash":"c02f222a5e24795b2e793741dbeee24010187959"}
,"H:\\Remek\\Etterem_vizsgaremek\\Etterem_backend\\api\\controllers\\dishController.js": {"path":"H:\\Remek\\Etterem_vizsgaremek\\Etterem_backend\\api\\controllers\\dishController.js","statementMap":{"0":{"start":{"line":1,"column":20},"end":{"line":1,"column":54}},"1":{"start":{"line":3,"column":0},"end":{"line":62,"column":1}},"2":{"start":{"line":5,"column":4},"end":{"line":61,"column":5}},"3":{"start":{"line":7,"column":28},"end":{"line":7,"column":38}},"4":{"start":{"line":8,"column":69},"end":{"line":8,"column":77}},"5":{"start":{"line":9,"column":8},"end":{"line":9,"column":29}},"6":{"start":{"line":10,"column":8},"end":{"line":15,"column":9}},"7":{"start":{"line":12,"column":26},"end":{"line":12,"column":62}},"8":{"start":{"line":13,"column":12},"end":{"line":13,"column":30}},"9":{"start":{"line":14,"column":12},"end":{"line":14,"column":23}},"10":{"start":{"line":16,"column":8},"end":{"line":21,"column":9}},"11":{"start":{"line":18,"column":26},"end":{"line":18,"column":88}},"12":{"start":{"line":19,"column":12},"end":{"line":19,"column":30}},"13":{"start":{"line":20,"column":12},"end":{"line":20,"column":23}},"14":{"start":{"line":22,"column":8},"end":{"line":27,"column":9}},"15":{"start":{"line":24,"column":26},"end":{"line":24,"column":78}},"16":{"start":{"line":25,"column":12},"end":{"line":25,"column":30}},"17":{"start":{"line":26,"column":12},"end":{"line":26,"column":23}},"18":{"start":{"line":28,"column":8},"end":{"line":33,"column":9}},"19":{"start":{"line":30,"column":26},"end":{"line":30,"column":69}},"20":{"start":{"line":31,"column":12},"end":{"line":31,"column":30}},"21":{"start":{"line":32,"column":12},"end":{"line":32,"column":23}},"22":{"start":{"line":34,"column":8},"end":{"line":39,"column":9}},"23":{"start":{"line":36,"column":26},"end":{"line":36,"column":62}},"24":{"start":{"line":37,"column":12},"end":{"line":37,"column":30}},"25":{"start":{"line":38,"column":12},"end":{"line":38,"column":23}},"26":{"start":{"line":40,"column":21},"end":{"line":49,"column":9}},"27":{"start":{"line":51,"column":23},"end":{"line":51,"column":57}},"28":{"start":{"line":52,"column":8},"end":{"line":58,"column":57}},"29":{"start":{"line":54,"column":12},"end":{"line":54,"column":40}},"30":{"start":{"line":55,"column":12},"end":{"line":55,"column":53}},"31":{"start":{"line":58,"column":12},"end":{"line":58,"column":57}},"32":{"start":{"line":60,"column":8},"end":{"line":60,"column":19}},"33":{"start":{"line":64,"column":0},"end":{"line":74,"column":1}},"34":{"start":{"line":66,"column":4},"end":{"line":72,"column":5}},"35":{"start":{"line":68,"column":23},"end":{"line":68,"column":55}},"36":{"start":{"line":69,"column":8},"end":{"line":69,"column":36}},"37":{"start":{"line":71,"column":8},"end":{"line":71,"column":19}}},"fnMap":{"0":{"name":"(anonymous_0)","decl":{"start":{"line":3,"column":21},"end":{"line":3,"column":22}},"loc":{"start":{"line":4,"column":0},"end":{"line":62,"column":1}},"line":4},"1":{"name":"(anonymous_1)","decl":{"start":{"line":64,"column":23},"end":{"line":64,"column":24}},"loc":{"start":{"line":65,"column":0},"end":{"line":74,"column":1}},"line":65}},"branchMap":{"0":{"loc":{"start":{"line":10,"column":8},"end":{"line":15,"column":9}},"type":"if","locations":[{"start":{"line":10,"column":8},"end":{"line":15,"column":9}},{"start":{},"end":{}}],"line":10},"1":{"loc":{"start":{"line":16,"column":8},"end":{"line":21,"column":9}},"type":"if","locations":[{"start":{"line":16,"column":8},"end":{"line":21,"column":9}},{"start":{},"end":{}}],"line":16},"2":{"loc":{"start":{"line":16,"column":11},"end":{"line":16,"column":33}},"type":"binary-expr","locations":[{"start":{"line":16,"column":11},"end":{"line":16,"column":17}},{"start":{"line":16,"column":21},"end":{"line":16,"column":33}}],"line":16},"3":{"loc":{"start":{"line":22,"column":8},"end":{"line":27,"column":9}},"type":"if","locations":[{"start":{"line":22,"column":8},"end":{"line":27,"column":9}},{"start":{},"end":{}}],"line":22},"4":{"loc":{"start":{"line":28,"column":8},"end":{"line":33,"column":9}},"type":"if","locations":[{"start":{"line":28,"column":8},"end":{"line":33,"column":9}},{"start":{},"end":{}}],"line":28},"5":{"loc":{"start":{"line":34,"column":8},"end":{"line":39,"column":9}},"type":"if","locations":[{"start":{"line":34,"column":8},"end":{"line":39,"column":9}},{"start":{},"end":{}}],"line":34},"6":{"loc":{"start":{"line":52,"column":8},"end":{"line":58,"column":57}},"type":"if","locations":[{"start":{"line":52,"column":8},"end":{"line":58,"column":57}},{"start":{"line":58,"column":12},"end":{"line":58,"column":57}}],"line":52}},"s":{"0":1,"1":1,"2":0,"3":0,"4":0,"5":0,"6":0,"7":0,"8":0,"9":0,"10":0,"11":0,"12":0,"13":0,"14":0,"15":0,"16":0,"17":0,"18":0,"19":0,"20":0,"21":0,"22":0,"23":0,"24":0,"25":0,"26":0,"27":0,"28":0,"29":0,"30":0,"31":0,"32":0,"33":1,"34":0,"35":0,"36":0,"37":0},"f":{"0":0,"1":0},"b":{"0":[0,0],"1":[0,0],"2":[0,0],"3":[0,0],"4":[0,0],"5":[0,0],"6":[0,0]},"_coverageSchema":"1a1c01bbd47fc00a2c39e90264f33305004495a9","hash":"daaae5e9781dd7f820c1d162e67f6cfa06c27fbf"}
,"H:\\Remek\\Etterem_vizsgaremek\\Etterem_backend\\api\\controllers\\purchaseController.js": {"path":"H:\\Remek\\Etterem_vizsgaremek\\Etterem_backend\\api\\controllers\\purchaseController.js","statementMap":{"0":{"start":{"line":1,"column":24},"end":{"line":1,"column":62}},"1":{"start":{"line":2,"column":31},"end":{"line":2,"column":76}},"2":{"start":{"line":4,"column":0},"end":{"line":14,"column":1}},"3":{"start":{"line":6,"column":4},"end":{"line":13,"column":5}},"4":{"start":{"line":8,"column":26},"end":{"line":8,"column":70}},"5":{"start":{"line":10,"column":8},"end":{"line":10,"column":39}},"6":{"start":{"line":12,"column":8},"end":{"line":12,"column":19}},"7":{"start":{"line":16,"column":0},"end":{"line":34,"column":1}},"8":{"start":{"line":18,"column":4},"end":{"line":33,"column":5}},"9":{"start":{"line":20,"column":19},"end":{"line":20,"column":29}},"10":{"start":{"line":21,"column":8},"end":{"line":21,"column":23}},"11":{"start":{"line":22,"column":8},"end":{"line":26,"column":9}},"12":{"start":{"line":23,"column":26},"end":{"line":23,"column":86}},"13":{"start":{"line":24,"column":12},"end":{"line":24,"column":30}},"14":{"start":{"line":25,"column":12},"end":{"line":25,"column":23}},"15":{"start":{"line":27,"column":8},"end":{"line":27,"column":24}},"16":{"start":{"line":28,"column":23},"end":{"line":28,"column":67}},"17":{"start":{"line":29,"column":8},"end":{"line":29,"column":36}},"18":{"start":{"line":30,"column":8},"end":{"line":30,"column":44}},"19":{"start":{"line":32,"column":8},"end":{"line":32,"column":19}},"20":{"start":{"line":36,"column":0},"end":{"line":97,"column":1}},"21":{"start":{"line":38,"column":4},"end":{"line":96,"column":5}},"22":{"start":{"line":40,"column":28},"end":{"line":40,"column":38}},"23":{"start":{"line":41,"column":20},"end":{"line":41,"column":30}},"24":{"start":{"line":42,"column":46},"end":{"line":42,"column":54}},"25":{"start":{"line":43,"column":8},"end":{"line":43,"column":25}},"26":{"start":{"line":44,"column":8},"end":{"line":44,"column":39}},"27":{"start":{"line":45,"column":8},"end":{"line":45,"column":65}},"28":{"start":{"line":45,"column":54},"end":{"line":45,"column":64}},"29":{"start":{"line":46,"column":8},"end":{"line":46,"column":81}},"30":{"start":{"line":46,"column":66},"end":{"line":46,"column":80}},"31":{"start":{"line":47,"column":8},"end":{"line":51,"column":9}},"32":{"start":{"line":48,"column":26},"end":{"line":48,"column":102}},"33":{"start":{"line":49,"column":12},"end":{"line":49,"column":30}},"34":{"start":{"line":50,"column":12},"end":{"line":50,"column":23}},"35":{"start":{"line":52,"column":8},"end":{"line":56,"column":9}},"36":{"start":{"line":53,"column":26},"end":{"line":53,"column":69}},"37":{"start":{"line":54,"column":12},"end":{"line":54,"column":30}},"38":{"start":{"line":55,"column":12},"end":{"line":55,"column":23}},"39":{"start":{"line":57,"column":8},"end":{"line":61,"column":9}},"40":{"start":{"line":58,"column":26},"end":{"line":58,"column":94}},"41":{"start":{"line":59,"column":12},"end":{"line":59,"column":30}},"42":{"start":{"line":60,"column":12},"end":{"line":60,"column":23}},"43":{"start":{"line":62,"column":25},"end":{"line":68,"column":9}},"44":{"start":{"line":69,"column":8},"end":{"line":74,"column":9}},"45":{"start":{"line":71,"column":26},"end":{"line":71,"column":74}},"46":{"start":{"line":72,"column":12},"end":{"line":72,"column":30}},"47":{"start":{"line":73,"column":12},"end":{"line":73,"column":23}},"48":{"start":{"line":75,"column":8},"end":{"line":79,"column":9}},"49":{"start":{"line":75,"column":39},"end":{"line":75,"column":48}},"50":{"start":{"line":76,"column":26},"end":{"line":76,"column":71}},"51":{"start":{"line":77,"column":12},"end":{"line":77,"column":30}},"52":{"start":{"line":78,"column":12},"end":{"line":78,"column":23}},"53":{"start":{"line":80,"column":8},"end":{"line":84,"column":9}},"54":{"start":{"line":80,"column":47},"end":{"line":80,"column":60}},"55":{"start":{"line":81,"column":26},"end":{"line":81,"column":75}},"56":{"start":{"line":82,"column":12},"end":{"line":82,"column":30}},"57":{"start":{"line":83,"column":12},"end":{"line":83,"column":23}},"58":{"start":{"line":86,"column":23},"end":{"line":86,"column":99}},"59":{"start":{"line":87,"column":8},"end":{"line":93,"column":58}},"60":{"start":{"line":89,"column":12},"end":{"line":89,"column":40}},"61":{"start":{"line":90,"column":12},"end":{"line":90,"column":57}},"62":{"start":{"line":93,"column":12},"end":{"line":93,"column":58}},"63":{"start":{"line":95,"column":8},"end":{"line":95,"column":19}}},"fnMap":{"0":{"name":"(anonymous_0)","decl":{"start":{"line":4,"column":31},"end":{"line":4,"column":32}},"loc":{"start":{"line":5,"column":0},"end":{"line":14,"column":1}},"line":5},"1":{"name":"(anonymous_1)","decl":{"start":{"line":16,"column":29},"end":{"line":16,"column":30}},"loc":{"start":{"line":17,"column":0},"end":{"line":34,"column":1}},"line":17},"2":{"name":"(anonymous_2)","decl":{"start":{"line":36,"column":21},"end":{"line":36,"column":22}},"loc":{"start":{"line":37,"column":0},"end":{"line":97,"column":1}},"line":37},"3":{"name":"(anonymous_3)","decl":{"start":{"line":45,"column":48},"end":{"line":45,"column":49}},"loc":{"start":{"line":45,"column":54},"end":{"line":45,"column":64}},"line":45},"4":{"name":"(anonymous_4)","decl":{"start":{"line":46,"column":56},"end":{"line":46,"column":57}},"loc":{"start":{"line":46,"column":66},"end":{"line":46,"column":80}},"line":46},"5":{"name":"(anonymous_5)","decl":{"start":{"line":75,"column":33},"end":{"line":75,"column":34}},"loc":{"start":{"line":75,"column":39},"end":{"line":75,"column":48}},"line":75},"6":{"name":"(anonymous_6)","decl":{"start":{"line":80,"column":37},"end":{"line":80,"column":38}},"loc":{"start":{"line":80,"column":47},"end":{"line":80,"column":60}},"line":80}},"branchMap":{"0":{"loc":{"start":{"line":22,"column":8},"end":{"line":26,"column":9}},"type":"if","locations":[{"start":{"line":22,"column":8},"end":{"line":26,"column":9}},{"start":{},"end":{}}],"line":22},"1":{"loc":{"start":{"line":22,"column":11},"end":{"line":22,"column":27}},"type":"binary-expr","locations":[{"start":{"line":22,"column":11},"end":{"line":22,"column":14}},{"start":{"line":22,"column":18},"end":{"line":22,"column":27}}],"line":22},"2":{"loc":{"start":{"line":47,"column":8},"end":{"line":51,"column":9}},"type":"if","locations":[{"start":{"line":47,"column":8},"end":{"line":51,"column":9}},{"start":{},"end":{}}],"line":47},"3":{"loc":{"start":{"line":47,"column":11},"end":{"line":47,"column":43}},"type":"binary-expr","locations":[{"start":{"line":47,"column":11},"end":{"line":47,"column":22}},{"start":{"line":47,"column":26},"end":{"line":47,"column":43}}],"line":47},"4":{"loc":{"start":{"line":52,"column":8},"end":{"line":56,"column":9}},"type":"if","locations":[{"start":{"line":52,"column":8},"end":{"line":56,"column":9}},{"start":{},"end":{}}],"line":52},"5":{"loc":{"start":{"line":57,"column":8},"end":{"line":61,"column":9}},"type":"if","locations":[{"start":{"line":57,"column":8},"end":{"line":61,"column":9}},{"start":{},"end":{}}],"line":57},"6":{"loc":{"start":{"line":57,"column":11},"end":{"line":57,"column":29}},"type":"binary-expr","locations":[{"start":{"line":57,"column":11},"end":{"line":57,"column":15}},{"start":{"line":57,"column":19},"end":{"line":57,"column":29}}],"line":57},"7":{"loc":{"start":{"line":69,"column":8},"end":{"line":74,"column":9}},"type":"if","locations":[{"start":{"line":69,"column":8},"end":{"line":74,"column":9}},{"start":{},"end":{}}],"line":69},"8":{"loc":{"start":{"line":69,"column":11},"end":{"line":69,"column":85}},"type":"binary-expr","locations":[{"start":{"line":69,"column":11},"end":{"line":69,"column":28}},{"start":{"line":69,"column":32},"end":{"line":69,"column":53}},{"start":{"line":69,"column":57},"end":{"line":69,"column":85}}],"line":69},"9":{"loc":{"start":{"line":75,"column":8},"end":{"line":79,"column":9}},"type":"if","locations":[{"start":{"line":75,"column":8},"end":{"line":79,"column":9}},{"start":{},"end":{}}],"line":75},"10":{"loc":{"start":{"line":80,"column":8},"end":{"line":84,"column":9}},"type":"if","locations":[{"start":{"line":80,"column":8},"end":{"line":84,"column":9}},{"start":{},"end":{}}],"line":80},"11":{"loc":{"start":{"line":87,"column":8},"end":{"line":93,"column":58}},"type":"if","locations":[{"start":{"line":87,"column":8},"end":{"line":93,"column":58}},{"start":{"line":93,"column":12},"end":{"line":93,"column":58}}],"line":87}},"s":{"0":1,"1":1,"2":1,"3":1,"4":1,"5":0,"6":1,"7":1,"8":1,"9":1,"10":1,"11":1,"12":0,"13":0,"14":0,"15":1,"16":1,"17":0,"18":0,"19":1,"20":1,"21":1,"22":1,"23":1,"24":1,"25":1,"26":1,"27":1,"28":0,"29":0,"30":0,"31":0,"32":0,"33":0,"34":0,"35":0,"36":0,"37":0,"38":0,"39":0,"40":0,"41":0,"42":0,"43":0,"44":0,"45":0,"46":0,"47":0,"48":0,"49":0,"50":0,"51":0,"52":0,"53":0,"54":0,"55":0,"56":0,"57":0,"58":0,"59":0,"60":0,"61":0,"62":0,"63":1},"f":{"0":1,"1":1,"2":1,"3":0,"4":0,"5":0,"6":0},"b":{"0":[0,1],"1":[1,1],"2":[0,0],"3":[0,0],"4":[0,0],"5":[0,0],"6":[0,0],"7":[0,0],"8":[0,0,0],"9":[0,0],"10":[0,0],"11":[0,0]},"_coverageSchema":"1a1c01bbd47fc00a2c39e90264f33305004495a9","hash":"6cf8da73fd3dfb581ac173662e46fc464251c77b"}
,"H:\\Remek\\Etterem_vizsgaremek\\Etterem_backend\\api\\controllers\\testController.js": {"path":"H:\\Remek\\Etterem_vizsgaremek\\Etterem_backend\\api\\controllers\\testController.js","statementMap":{"0":{"start":{"line":1,"column":23},"end":{"line":1,"column":64}},"1":{"start":{"line":2,"column":23},"end":{"line":2,"column":64}},"2":{"start":{"line":3,"column":27},"end":{"line":3,"column":72}},"3":{"start":{"line":4,"column":35},"end":{"line":4,"column":88}},"4":{"start":{"line":7,"column":0},"end":{"line":239,"column":1}},"5":{"start":{"line":9,"column":4},"end":{"line":238,"column":5}},"6":{"start":{"line":11,"column":28},"end":{"line":11,"column":38}},"7":{"start":{"line":13,"column":22},"end":{"line":36,"column":10}},"8":{"start":{"line":38,"column":8},"end":{"line":42,"column":9}},"9":{"start":{"line":38,"column":20},"end":{"line":38,"column":21}},"10":{"start":{"line":40,"column":12},"end":{"line":40,"column":53}},"11":{"start":{"line":41,"column":12},"end":{"line":41,"column":53}},"12":{"start":{"line":45,"column":23},"end":{"line":174,"column":9}},"13":{"start":{"line":175,"column":8},"end":{"line":179,"column":9}},"14":{"start":{"line":175,"column":20},"end":{"line":175,"column":21}},"15":{"start":{"line":177,"column":12},"end":{"line":177,"column":54}},"16":{"start":{"line":178,"column":12},"end":{"line":178,"column":53}},"17":{"start":{"line":181,"column":21},"end":{"line":181,"column":28}},"18":{"start":{"line":182,"column":26},"end":{"line":207,"column":10}},"19":{"start":{"line":208,"column":26},"end":{"line":223,"column":10}},"20":{"start":{"line":225,"column":8},"end":{"line":230,"column":9}},"21":{"start":{"line":225,"column":20},"end":{"line":225,"column":21}},"22":{"start":{"line":227,"column":12},"end":{"line":227,"column":104}},"23":{"start":{"line":228,"column":12},"end":{"line":228,"column":57}},"24":{"start":{"line":232,"column":8},"end":{"line":232,"column":54}},"25":{"start":{"line":233,"column":8},"end":{"line":233,"column":63}},"26":{"start":{"line":236,"column":8},"end":{"line":236,"column":49}},"27":{"start":{"line":237,"column":8},"end":{"line":237,"column":19}}},"fnMap":{"0":{"name":"(anonymous_0)","decl":{"start":{"line":7,"column":21},"end":{"line":7,"column":22}},"loc":{"start":{"line":8,"column":0},"end":{"line":239,"column":1}},"line":8}},"branchMap":{},"s":{"0":1,"1":1,"2":1,"3":1,"4":1,"5":0,"6":0,"7":0,"8":0,"9":0,"10":0,"11":0,"12":0,"13":0,"14":0,"15":0,"16":0,"17":0,"18":0,"19":0,"20":0,"21":0,"22":0,"23":0,"24":0,"25":0,"26":0,"27":0},"f":{"0":0},"b":{},"_coverageSchema":"1a1c01bbd47fc00a2c39e90264f33305004495a9","hash":"e1325ff51a278cca75802eb3ac811436c79e5921"}
,"H:\\Remek\\Etterem_vizsgaremek\\Etterem_backend\\api\\controllers\\userController.js": {"path":"H:\\Remek\\Etterem_vizsgaremek\\Etterem_backend\\api\\controllers\\userController.js","statementMap":{"0":{"start":{"line":1,"column":20},"end":{"line":1,"column":54}},"1":{"start":{"line":2,"column":15},"end":{"line":2,"column":32}},"2":{"start":{"line":3,"column":13},"end":{"line":3,"column":15}},"3":{"start":{"line":4,"column":12},"end":{"line":4,"column":35}},"4":{"start":{"line":5,"column":19},"end":{"line":5,"column":40}},"5":{"start":{"line":8,"column":0},"end":{"line":25,"column":1}},"6":{"start":{"line":10,"column":4},"end":{"line":24,"column":5}},"7":{"start":{"line":12,"column":19},"end":{"line":12,"column":34}},"8":{"start":{"line":14,"column":8},"end":{"line":18,"column":9}},"9":{"start":{"line":15,"column":26},"end":{"line":15,"column":79}},"10":{"start":{"line":16,"column":12},"end":{"line":16,"column":30}},"11":{"start":{"line":17,"column":12},"end":{"line":17,"column":23}},"12":{"start":{"line":20,"column":21},"end":{"line":20,"column":50}},"13":{"start":{"line":21,"column":8},"end":{"line":21,"column":34}},"14":{"start":{"line":23,"column":8},"end":{"line":23,"column":19}},"15":{"start":{"line":27,"column":0},"end":{"line":35,"column":1}},"16":{"start":{"line":29,"column":4},"end":{"line":34,"column":5}},"17":{"start":{"line":30,"column":22},"end":{"line":30,"column":52}},"18":{"start":{"line":31,"column":8},"end":{"line":31,"column":35}},"19":{"start":{"line":33,"column":8},"end":{"line":33,"column":19}},"20":{"start":{"line":37,"column":0},"end":{"line":145,"column":1}},"21":{"start":{"line":38,"column":4},"end":{"line":144,"column":5}},"22":{"start":{"line":39,"column":28},"end":{"line":39,"column":38}},"23":{"start":{"line":40,"column":56},"end":{"line":40,"column":64}},"24":{"start":{"line":42,"column":28},"end":{"line":42,"column":74}},"25":{"start":{"line":43,"column":31},"end":{"line":43,"column":83}},"26":{"start":{"line":44,"column":8},"end":{"line":141,"column":80}},"27":{"start":{"line":45,"column":12},"end":{"line":139,"column":88}},"28":{"start":{"line":47,"column":16},"end":{"line":51,"column":17}},"29":{"start":{"line":48,"column":34},"end":{"line":48,"column":74}},"30":{"start":{"line":49,"column":20},"end":{"line":49,"column":38}},"31":{"start":{"line":50,"column":20},"end":{"line":50,"column":31}},"32":{"start":{"line":52,"column":16},"end":{"line":56,"column":17}},"33":{"start":{"line":53,"column":34},"end":{"line":53,"column":71}},"34":{"start":{"line":54,"column":20},"end":{"line":54,"column":38}},"35":{"start":{"line":55,"column":20},"end":{"line":55,"column":31}},"36":{"start":{"line":57,"column":16},"end":{"line":61,"column":17}},"37":{"start":{"line":58,"column":34},"end":{"line":58,"column":74}},"38":{"start":{"line":59,"column":20},"end":{"line":59,"column":38}},"39":{"start":{"line":60,"column":20},"end":{"line":60,"column":31}},"40":{"start":{"line":62,"column":16},"end":{"line":66,"column":17}},"41":{"start":{"line":63,"column":34},"end":{"line":63,"column":74}},"42":{"start":{"line":64,"column":20},"end":{"line":64,"column":38}},"43":{"start":{"line":65,"column":20},"end":{"line":65,"column":31}},"44":{"start":{"line":68,"column":29},"end":{"line":79,"column":17}},"45":{"start":{"line":81,"column":31},"end":{"line":81,"column":65}},"46":{"start":{"line":82,"column":16},"end":{"line":137,"column":69}},"47":{"start":{"line":83,"column":34},"end":{"line":83,"column":103}},"48":{"start":{"line":84,"column":45},"end":{"line":84,"column":96}},"49":{"start":{"line":87,"column":44},"end":{"line":93,"column":26}},"50":{"start":{"line":96,"column":44},"end":{"line":123,"column":25}},"51":{"start":{"line":125,"column":41},"end":{"line":125,"column":80}},"52":{"start":{"line":126,"column":24},"end":{"line":130,"column":25}},"53":{"start":{"line":127,"column":42},"end":{"line":127,"column":93}},"54":{"start":{"line":128,"column":28},"end":{"line":128,"column":46}},"55":{"start":{"line":129,"column":28},"end":{"line":129,"column":39}},"56":{"start":{"line":132,"column":20},"end":{"line":132,"column":30}},"57":{"start":{"line":135,"column":20},"end":{"line":135,"column":48}},"58":{"start":{"line":137,"column":20},"end":{"line":137,"column":69}},"59":{"start":{"line":139,"column":16},"end":{"line":139,"column":88}},"60":{"start":{"line":141,"column":12},"end":{"line":141,"column":80}},"61":{"start":{"line":143,"column":8},"end":{"line":143,"column":19}},"62":{"start":{"line":148,"column":0},"end":{"line":182,"column":1}},"63":{"start":{"line":149,"column":4},"end":{"line":181,"column":5}},"64":{"start":{"line":150,"column":26},"end":{"line":150,"column":34}},"65":{"start":{"line":151,"column":8},"end":{"line":155,"column":9}},"66":{"start":{"line":152,"column":26},"end":{"line":152,"column":57}},"67":{"start":{"line":153,"column":12},"end":{"line":153,"column":30}},"68":{"start":{"line":154,"column":12},"end":{"line":154,"column":23}},"69":{"start":{"line":157,"column":17},"end":{"line":157,"column":21}},"70":{"start":{"line":158,"column":8},"end":{"line":163,"column":10}},"71":{"start":{"line":159,"column":12},"end":{"line":161,"column":13}},"72":{"start":{"line":160,"column":16},"end":{"line":160,"column":89}},"73":{"start":{"line":162,"column":12},"end":{"line":162,"column":27}},"74":{"start":{"line":164,"column":8},"end":{"line":164,"column":23}},"75":{"start":{"line":165,"column":8},"end":{"line":169,"column":9}},"76":{"start":{"line":166,"column":26},"end":{"line":166,"column":92}},"77":{"start":{"line":167,"column":12},"end":{"line":167,"column":30}},"78":{"start":{"line":168,"column":12},"end":{"line":168,"column":23}},"79":{"start":{"line":171,"column":23},"end":{"line":171,"column":56}},"80":{"start":{"line":172,"column":8},"end":{"line":176,"column":9}},"81":{"start":{"line":173,"column":26},"end":{"line":173,"column":68}},"82":{"start":{"line":174,"column":12},"end":{"line":174,"column":30}},"83":{"start":{"line":175,"column":12},"end":{"line":175,"column":23}},"84":{"start":{"line":177,"column":8},"end":{"line":177,"column":47}},"85":{"start":{"line":180,"column":8},"end":{"line":180,"column":19}},"86":{"start":{"line":184,"column":0},"end":{"line":218,"column":1}},"87":{"start":{"line":186,"column":4},"end":{"line":217,"column":5}},"88":{"start":{"line":188,"column":34},"end":{"line":188,"column":42}},"89":{"start":{"line":189,"column":8},"end":{"line":194,"column":9}},"90":{"start":{"line":191,"column":26},"end":{"line":191,"column":61}},"91":{"start":{"line":192,"column":12},"end":{"line":192,"column":30}},"92":{"start":{"line":193,"column":12},"end":{"line":193,"column":23}},"93":{"start":{"line":195,"column":8},"end":{"line":200,"column":9}},"94":{"start":{"line":197,"column":26},"end":{"line":197,"column":64}},"95":{"start":{"line":198,"column":12},"end":{"line":198,"column":30}},"96":{"start":{"line":199,"column":12},"end":{"line":199,"column":23}},"97":{"start":{"line":202,"column":21},"end":{"line":202,"column":60}},"98":{"start":{"line":203,"column":8},"end":{"line":214,"column":81}},"99":{"start":{"line":204,"column":12},"end":{"line":204,"column":95}},"100":{"start":{"line":206,"column":13},"end":{"line":214,"column":81}},"101":{"start":{"line":207,"column":12},"end":{"line":207,"column":236}},"102":{"start":{"line":209,"column":13},"end":{"line":214,"column":81}},"103":{"start":{"line":210,"column":26},"end":{"line":210,"column":92}},"104":{"start":{"line":211,"column":12},"end":{"line":211,"column":47}},"105":{"start":{"line":214,"column":12},"end":{"line":214,"column":81}},"106":{"start":{"line":216,"column":8},"end":{"line":216,"column":19}},"107":{"start":{"line":220,"column":0},"end":{"line":228,"column":1}},"108":{"start":{"line":222,"column":4},"end":{"line":227,"column":5}},"109":{"start":{"line":224,"column":8},"end":{"line":224,"column":61}},"110":{"start":{"line":226,"column":8},"end":{"line":226,"column":19}},"111":{"start":{"line":230,"column":0},"end":{"line":248,"column":1}},"112":{"start":{"line":232,"column":4},"end":{"line":247,"column":5}},"113":{"start":{"line":234,"column":19},"end":{"line":234,"column":29}},"114":{"start":{"line":235,"column":8},"end":{"line":235,"column":23}},"115":{"start":{"line":236,"column":8},"end":{"line":240,"column":9}},"116":{"start":{"line":237,"column":26},"end":{"line":237,"column":79}},"117":{"start":{"line":238,"column":12},"end":{"line":238,"column":30}},"118":{"start":{"line":239,"column":12},"end":{"line":239,"column":23}},"119":{"start":{"line":242,"column":8},"end":{"line":242,"column":40}},"120":{"start":{"line":243,"column":8},"end":{"line":243,"column":58}},"121":{"start":{"line":244,"column":8},"end":{"line":244,"column":49}},"122":{"start":{"line":246,"column":8},"end":{"line":246,"column":19}},"123":{"start":{"line":250,"column":0},"end":{"line":288,"column":1}},"124":{"start":{"line":251,"column":4},"end":{"line":287,"column":5}},"125":{"start":{"line":252,"column":36},"end":{"line":252,"column":44}},"126":{"start":{"line":253,"column":8},"end":{"line":257,"column":9}},"127":{"start":{"line":254,"column":26},"end":{"line":254,"column":57}},"128":{"start":{"line":255,"column":12},"end":{"line":255,"column":30}},"129":{"start":{"line":256,"column":12},"end":{"line":256,"column":23}},"130":{"start":{"line":258,"column":17},"end":{"line":258,"column":21}},"131":{"start":{"line":260,"column":8},"end":{"line":265,"column":10}},"132":{"start":{"line":261,"column":12},"end":{"line":263,"column":13}},"133":{"start":{"line":262,"column":16},"end":{"line":262,"column":89}},"134":{"start":{"line":264,"column":12},"end":{"line":264,"column":27}},"135":{"start":{"line":266,"column":8},"end":{"line":266,"column":23}},"136":{"start":{"line":267,"column":8},"end":{"line":271,"column":9}},"137":{"start":{"line":268,"column":26},"end":{"line":268,"column":79}},"138":{"start":{"line":269,"column":12},"end":{"line":269,"column":30}},"139":{"start":{"line":270,"column":12},"end":{"line":270,"column":23}},"140":{"start":{"line":272,"column":8},"end":{"line":276,"column":9}},"141":{"start":{"line":273,"column":26},"end":{"line":273,"column":58}},"142":{"start":{"line":274,"column":12},"end":{"line":274,"column":30}},"143":{"start":{"line":275,"column":12},"end":{"line":275,"column":23}},"144":{"start":{"line":278,"column":23},"end":{"line":278,"column":69}},"145":{"start":{"line":279,"column":8},"end":{"line":283,"column":9}},"146":{"start":{"line":280,"column":26},"end":{"line":280,"column":66}},"147":{"start":{"line":281,"column":12},"end":{"line":281,"column":30}},"148":{"start":{"line":282,"column":12},"end":{"line":282,"column":23}},"149":{"start":{"line":284,"column":8},"end":{"line":284,"column":54}},"150":{"start":{"line":286,"column":8},"end":{"line":286,"column":19}},"151":{"start":{"line":290,"column":0},"end":{"line":356,"column":1}},"152":{"start":{"line":291,"column":4},"end":{"line":354,"column":5}},"153":{"start":{"line":293,"column":26},"end":{"line":293,"column":34}},"154":{"start":{"line":295,"column":23},"end":{"line":295,"column":69}},"155":{"start":{"line":297,"column":8},"end":{"line":351,"column":74}},"156":{"start":{"line":298,"column":26},"end":{"line":298,"column":96}},"157":{"start":{"line":299,"column":37},"end":{"line":299,"column":90}},"158":{"start":{"line":302,"column":36},"end":{"line":308,"column":18}},"159":{"start":{"line":311,"column":36},"end":{"line":337,"column":17}},"160":{"start":{"line":339,"column":33},"end":{"line":339,"column":72}},"161":{"start":{"line":340,"column":16},"end":{"line":344,"column":17}},"162":{"start":{"line":341,"column":34},"end":{"line":341,"column":85}},"163":{"start":{"line":342,"column":20},"end":{"line":342,"column":38}},"164":{"start":{"line":343,"column":20},"end":{"line":343,"column":31}},"165":{"start":{"line":346,"column":12},"end":{"line":346,"column":22}},"166":{"start":{"line":349,"column":12},"end":{"line":349,"column":40}},"167":{"start":{"line":351,"column":12},"end":{"line":351,"column":74}},"168":{"start":{"line":353,"column":8},"end":{"line":353,"column":19}}},"fnMap":{"0":{"name":"(anonymous_0)","decl":{"start":{"line":8,"column":18},"end":{"line":8,"column":19}},"loc":{"start":{"line":9,"column":0},"end":{"line":25,"column":1}},"line":9},"1":{"name":"(anonymous_1)","decl":{"start":{"line":27,"column":21},"end":{"line":27,"column":22}},"loc":{"start":{"line":28,"column":0},"end":{"line":35,"column":1}},"line":28},"2":{"name":"(anonymous_2)","decl":{"start":{"line":37,"column":21},"end":{"line":37,"column":22}},"loc":{"start":{"line":37,"column":47},"end":{"line":145,"column":1}},"line":37},"3":{"name":"sendMail","decl":{"start":{"line":86,"column":35},"end":{"line":86,"column":43}},"loc":{"start":{"line":86,"column":46},"end":{"line":131,"column":21}},"line":86},"4":{"name":"(anonymous_4)","decl":{"start":{"line":148,"column":22},"end":{"line":148,"column":23}},"loc":{"start":{"line":148,"column":48},"end":{"line":182,"column":1}},"line":148},"5":{"name":"(anonymous_5)","decl":{"start":{"line":158,"column":46},"end":{"line":158,"column":47}},"loc":{"start":{"line":158,"column":62},"end":{"line":163,"column":9}},"line":158},"6":{"name":"(anonymous_6)","decl":{"start":{"line":184,"column":20},"end":{"line":184,"column":21}},"loc":{"start":{"line":185,"column":0},"end":{"line":218,"column":1}},"line":185},"7":{"name":"(anonymous_7)","decl":{"start":{"line":220,"column":21},"end":{"line":220,"column":22}},"loc":{"start":{"line":221,"column":0},"end":{"line":228,"column":1}},"line":221},"8":{"name":"(anonymous_8)","decl":{"start":{"line":230,"column":21},"end":{"line":230,"column":22}},"loc":{"start":{"line":231,"column":0},"end":{"line":248,"column":1}},"line":231},"9":{"name":"(anonymous_9)","decl":{"start":{"line":250,"column":25},"end":{"line":250,"column":26}},"loc":{"start":{"line":250,"column":51},"end":{"line":288,"column":1}},"line":250},"10":{"name":"(anonymous_10)","decl":{"start":{"line":260,"column":46},"end":{"line":260,"column":47}},"loc":{"start":{"line":260,"column":62},"end":{"line":265,"column":9}},"line":260},"11":{"name":"(anonymous_11)","decl":{"start":{"line":290,"column":20},"end":{"line":290,"column":21}},"loc":{"start":{"line":290,"column":42},"end":{"line":356,"column":1}},"line":290},"12":{"name":"sendMail","decl":{"start":{"line":301,"column":27},"end":{"line":301,"column":35}},"loc":{"start":{"line":301,"column":38},"end":{"line":345,"column":13}},"line":301}},"branchMap":{"0":{"loc":{"start":{"line":14,"column":8},"end":{"line":18,"column":9}},"type":"if","locations":[{"start":{"line":14,"column":8},"end":{"line":18,"column":9}},{"start":{},"end":{}}],"line":14},"1":{"loc":{"start":{"line":14,"column":11},"end":{"line":14,"column":27}},"type":"binary-expr","locations":[{"start":{"line":14,"column":11},"end":{"line":14,"column":14}},{"start":{"line":14,"column":18},"end":{"line":14,"column":27}}],"line":14},"2":{"loc":{"start":{"line":44,"column":8},"end":{"line":141,"column":80}},"type":"if","locations":[{"start":{"line":44,"column":8},"end":{"line":141,"column":80}},{"start":{"line":141,"column":12},"end":{"line":141,"column":80}}],"line":44},"3":{"loc":{"start":{"line":45,"column":12},"end":{"line":139,"column":88}},"type":"if","locations":[{"start":{"line":45,"column":12},"end":{"line":139,"column":88}},{"start":{"line":139,"column":16},"end":{"line":139,"column":88}}],"line":45},"4":{"loc":{"start":{"line":47,"column":16},"end":{"line":51,"column":17}},"type":"if","locations":[{"start":{"line":47,"column":16},"end":{"line":51,"column":17}},{"start":{},"end":{}}],"line":47},"5":{"loc":{"start":{"line":52,"column":16},"end":{"line":56,"column":17}},"type":"if","locations":[{"start":{"line":52,"column":16},"end":{"line":56,"column":17}},{"start":{},"end":{}}],"line":52},"6":{"loc":{"start":{"line":57,"column":16},"end":{"line":61,"column":17}},"type":"if","locations":[{"start":{"line":57,"column":16},"end":{"line":61,"column":17}},{"start":{},"end":{}}],"line":57},"7":{"loc":{"start":{"line":62,"column":16},"end":{"line":66,"column":17}},"type":"if","locations":[{"start":{"line":62,"column":16},"end":{"line":66,"column":17}},{"start":{},"end":{}}],"line":62},"8":{"loc":{"start":{"line":82,"column":16},"end":{"line":137,"column":69}},"type":"if","locations":[{"start":{"line":82,"column":16},"end":{"line":137,"column":69}},{"start":{"line":137,"column":20},"end":{"line":137,"column":69}}],"line":82},"9":{"loc":{"start":{"line":126,"column":24},"end":{"line":130,"column":25}},"type":"if","locations":[{"start":{"line":126,"column":24},"end":{"line":130,"column":25}},{"start":{},"end":{}}],"line":126},"10":{"loc":{"start":{"line":151,"column":8},"end":{"line":155,"column":9}},"type":"if","locations":[{"start":{"line":151,"column":8},"end":{"line":155,"column":9}},{"start":{},"end":{}}],"line":151},"11":{"loc":{"start":{"line":159,"column":12},"end":{"line":161,"column":13}},"type":"if","locations":[{"start":{"line":159,"column":12},"end":{"line":161,"column":13}},{"start":{},"end":{}}],"line":159},"12":{"loc":{"start":{"line":165,"column":8},"end":{"line":169,"column":9}},"type":"if","locations":[{"start":{"line":165,"column":8},"end":{"line":169,"column":9}},{"start":{},"end":{}}],"line":165},"13":{"loc":{"start":{"line":165,"column":12},"end":{"line":165,"column":28}},"type":"binary-expr","locations":[{"start":{"line":165,"column":12},"end":{"line":165,"column":15}},{"start":{"line":165,"column":19},"end":{"line":165,"column":28}}],"line":165},"14":{"loc":{"start":{"line":172,"column":8},"end":{"line":176,"column":9}},"type":"if","locations":[{"start":{"line":172,"column":8},"end":{"line":176,"column":9}},{"start":{},"end":{}}],"line":172},"15":{"loc":{"start":{"line":189,"column":8},"end":{"line":194,"column":9}},"type":"if","locations":[{"start":{"line":189,"column":8},"end":{"line":194,"column":9}},{"start":{},"end":{}}],"line":189},"16":{"loc":{"start":{"line":195,"column":8},"end":{"line":200,"column":9}},"type":"if","locations":[{"start":{"line":195,"column":8},"end":{"line":200,"column":9}},{"start":{},"end":{}}],"line":195},"17":{"loc":{"start":{"line":203,"column":8},"end":{"line":214,"column":81}},"type":"if","locations":[{"start":{"line":203,"column":8},"end":{"line":214,"column":81}},{"start":{"line":206,"column":13},"end":{"line":214,"column":81}}],"line":203},"18":{"loc":{"start":{"line":206,"column":13},"end":{"line":214,"column":81}},"type":"if","locations":[{"start":{"line":206,"column":13},"end":{"line":214,"column":81}},{"start":{"line":209,"column":13},"end":{"line":214,"column":81}}],"line":206},"19":{"loc":{"start":{"line":209,"column":13},"end":{"line":214,"column":81}},"type":"if","locations":[{"start":{"line":209,"column":13},"end":{"line":214,"column":81}},{"start":{"line":214,"column":12},"end":{"line":214,"column":81}}],"line":209},"20":{"loc":{"start":{"line":236,"column":8},"end":{"line":240,"column":9}},"type":"if","locations":[{"start":{"line":236,"column":8},"end":{"line":240,"column":9}},{"start":{},"end":{}}],"line":236},"21":{"loc":{"start":{"line":236,"column":11},"end":{"line":236,"column":27}},"type":"binary-expr","locations":[{"start":{"line":236,"column":11},"end":{"line":236,"column":14}},{"start":{"line":236,"column":18},"end":{"line":236,"column":27}}],"line":236},"22":{"loc":{"start":{"line":253,"column":8},"end":{"line":257,"column":9}},"type":"if","locations":[{"start":{"line":253,"column":8},"end":{"line":257,"column":9}},{"start":{},"end":{}}],"line":253},"23":{"loc":{"start":{"line":261,"column":12},"end":{"line":263,"column":13}},"type":"if","locations":[{"start":{"line":261,"column":12},"end":{"line":263,"column":13}},{"start":{},"end":{}}],"line":261},"24":{"loc":{"start":{"line":267,"column":8},"end":{"line":271,"column":9}},"type":"if","locations":[{"start":{"line":267,"column":8},"end":{"line":271,"column":9}},{"start":{},"end":{}}],"line":267},"25":{"loc":{"start":{"line":267,"column":12},"end":{"line":267,"column":28}},"type":"binary-expr","locations":[{"start":{"line":267,"column":12},"end":{"line":267,"column":15}},{"start":{"line":267,"column":19},"end":{"line":267,"column":28}}],"line":267},"26":{"loc":{"start":{"line":272,"column":8},"end":{"line":276,"column":9}},"type":"if","locations":[{"start":{"line":272,"column":8},"end":{"line":276,"column":9}},{"start":{},"end":{}}],"line":272},"27":{"loc":{"start":{"line":279,"column":8},"end":{"line":283,"column":9}},"type":"if","locations":[{"start":{"line":279,"column":8},"end":{"line":283,"column":9}},{"start":{},"end":{}}],"line":279},"28":{"loc":{"start":{"line":297,"column":8},"end":{"line":351,"column":74}},"type":"if","locations":[{"start":{"line":297,"column":8},"end":{"line":351,"column":74}},{"start":{"line":351,"column":12},"end":{"line":351,"column":74}}],"line":297},"29":{"loc":{"start":{"line":340,"column":16},"end":{"line":344,"column":17}},"type":"if","locations":[{"start":{"line":340,"column":16},"end":{"line":344,"column":17}},{"start":{},"end":{}}],"line":340}},"s":{"0":1,"1":1,"2":1,"3":1,"4":1,"5":1,"6":0,"7":0,"8":0,"9":0,"10":0,"11":0,"12":0,"13":0,"14":0,"15":1,"16":2,"17":2,"18":0,"19":2,"20":1,"21":1,"22":1,"23":1,"24":1,"25":0,"26":0,"27":0,"28":0,"29":0,"30":0,"31":0,"32":0,"33":0,"34":0,"35":0,"36":0,"37":0,"38":0,"39":0,"40":0,"41":0,"42":0,"43":0,"44":0,"45":0,"46":0,"47":0,"48":0,"49":0,"50":0,"51":0,"52":0,"53":0,"54":0,"55":0,"56":0,"57":0,"58":0,"59":0,"60":0,"61":1,"62":1,"63":1,"64":1,"65":1,"66":1,"67":1,"68":1,"69":0,"70":0,"71":0,"72":0,"73":0,"74":0,"75":0,"76":0,"77":0,"78":0,"79":0,"80":0,"81":0,"82":0,"83":0,"84":0,"85":1,"86":1,"87":1,"88":1,"89":1,"90":1,"91":1,"92":1,"93":0,"94":0,"95":0,"96":0,"97":0,"98":0,"99":0,"100":0,"101":0,"102":0,"103":0,"104":0,"105":0,"106":1,"107":1,"108":0,"109":0,"110":0,"111":1,"112":1,"113":1,"114":1,"115":1,"116":0,"117":0,"118":0,"119":1,"120":0,"121":0,"122":1,"123":1,"124":0,"125":0,"126":0,"127":0,"128":0,"129":0,"130":0,"131":0,"132":0,"133":0,"134":0,"135":0,"136":0,"137":0,"138":0,"139":0,"140":0,"141":0,"142":0,"143":0,"144":0,"145":0,"146":0,"147":0,"148":0,"149":0,"150":0,"151":1,"152":0,"153":0,"154":0,"155":0,"156":0,"157":0,"158":0,"159":0,"160":0,"161":0,"162":0,"163":0,"164":0,"165":0,"166":0,"167":0,"168":0},"f":{"0":0,"1":2,"2":1,"3":0,"4":1,"5":0,"6":1,"7":0,"8":1,"9":0,"10":0,"11":0,"12":0},"b":{"0":[0,0],"1":[0,0],"2":[0,0],"3":[0,0],"4":[0,0],"5":[0,0],"6":[0,0],"7":[0,0],"8":[0,0],"9":[0,0],"10":[1,0],"11":[0,0],"12":[0,0],"13":[0,0],"14":[0,0],"15":[1,0],"16":[0,0],"17":[0,0],"18":[0,0],"19":[0,0],"20":[0,1],"21":[1,1],"22":[0,0],"23":[0,0],"24":[0,0],"25":[0,0],"26":[0,0],"27":[0,0],"28":[0,0],"29":[0,0]},"_coverageSchema":"1a1c01bbd47fc00a2c39e90264f33305004495a9","hash":"f7024ca9ea4c173b77c275a85c57264176c4ca8a"}
,"H:\\Remek\\Etterem_vizsgaremek\\Etterem_backend\\api\\middlewares\\errorHandler.js": {"path":"H:\\Remek\\Etterem_vizsgaremek\\Etterem_backend\\api\\middlewares\\errorHandler.js","statementMap":{"0":{"start":{"line":1,"column":0},"end":{"line":8,"column":1}},"1":{"start":{"line":3,"column":18},"end":{"line":3,"column":40}},"2":{"start":{"line":5,"column":4},"end":{"line":5,"column":23}},"3":{"start":{"line":7,"column":4},"end":{"line":7,"column":16}},"4":{"start":{"line":10,"column":0},"end":{"line":17,"column":1}},"5":{"start":{"line":12,"column":20},"end":{"line":12,"column":52}},"6":{"start":{"line":14,"column":19},"end":{"line":14,"column":38}},"7":{"start":{"line":16,"column":4},"end":{"line":16,"column":37}}},"fnMap":{"0":{"name":"(anonymous_0)","decl":{"start":{"line":1,"column":24},"end":{"line":1,"column":25}},"loc":{"start":{"line":2,"column":0},"end":{"line":8,"column":1}},"line":2},"1":{"name":"(anonymous_1)","decl":{"start":{"line":10,"column":20},"end":{"line":10,"column":21}},"loc":{"start":{"line":11,"column":0},"end":{"line":17,"column":1}},"line":11}},"branchMap":{"0":{"loc":{"start":{"line":12,"column":20},"end":{"line":12,"column":52}},"type":"binary-expr","locations":[{"start":{"line":12,"column":20},"end":{"line":12,"column":33}},{"start":{"line":12,"column":37},"end":{"line":12,"column":52}}],"line":12},"1":{"loc":{"start":{"line":14,"column":19},"end":{"line":14,"column":38}},"type":"binary-expr","locations":[{"start":{"line":14,"column":19},"end":{"line":14,"column":31}},{"start":{"line":14,"column":35},"end":{"line":14,"column":38}}],"line":14}},"s":{"0":1,"1":1,"2":1,"3":1,"4":1,"5":10,"6":10,"7":10},"f":{"0":1,"1":10},"b":{"0":[10,0],"1":[10,7]},"_coverageSchema":"1a1c01bbd47fc00a2c39e90264f33305004495a9","hash":"012c6c5b494402e94d6a9fabe16446f6c4fccefe"}
,"H:\\Remek\\Etterem_vizsgaremek\\Etterem_backend\\api\\middlewares\\userAuth.js": {"path":"H:\\Remek\\Etterem_vizsgaremek\\Etterem_backend\\api\\middlewares\\userAuth.js","statementMap":{"0":{"start":{"line":1,"column":12},"end":{"line":1,"column":35}},"1":{"start":{"line":3,"column":0},"end":{"line":20,"column":1}},"2":{"start":{"line":5,"column":18},"end":{"line":5,"column":53}},"3":{"start":{"line":6,"column":4},"end":{"line":8,"column":5}},"4":{"start":{"line":7,"column":8},"end":{"line":7,"column":88}},"5":{"start":{"line":11,"column":4},"end":{"line":19,"column":6}},"6":{"start":{"line":12,"column":8},"end":{"line":14,"column":9}},"7":{"start":{"line":13,"column":12},"end":{"line":13,"column":83}},"8":{"start":{"line":17,"column":8},"end":{"line":17,"column":28}},"9":{"start":{"line":18,"column":8},"end":{"line":18,"column":14}}},"fnMap":{"0":{"name":"(anonymous_0)","decl":{"start":{"line":3,"column":28},"end":{"line":3,"column":29}},"loc":{"start":{"line":4,"column":0},"end":{"line":20,"column":1}},"line":4},"1":{"name":"(anonymous_1)","decl":{"start":{"line":11,"column":43},"end":{"line":11,"column":44}},"loc":{"start":{"line":11,"column":61},"end":{"line":19,"column":5}},"line":11}},"branchMap":{"0":{"loc":{"start":{"line":5,"column":18},"end":{"line":5,"column":53}},"type":"binary-expr","locations":[{"start":{"line":5,"column":18},"end":{"line":5,"column":35}},{"start":{"line":5,"column":39},"end":{"line":5,"column":53}}],"line":5},"1":{"loc":{"start":{"line":6,"column":4},"end":{"line":8,"column":5}},"type":"if","locations":[{"start":{"line":6,"column":4},"end":{"line":8,"column":5}},{"start":{},"end":{}}],"line":6},"2":{"loc":{"start":{"line":12,"column":8},"end":{"line":14,"column":9}},"type":"if","locations":[{"start":{"line":12,"column":8},"end":{"line":14,"column":9}},{"start":{},"end":{}}],"line":12}},"s":{"0":1,"1":1,"2":0,"3":0,"4":0,"5":0,"6":0,"7":0,"8":0,"9":0},"f":{"0":0,"1":0},"b":{"0":[0,0],"1":[0,0],"2":[0,0]},"_coverageSchema":"1a1c01bbd47fc00a2c39e90264f33305004495a9","hash":"2dca734e8e97582716d3ab4e7644d97ff8da4421"}
,"H:\\Remek\\Etterem_vizsgaremek\\Etterem_backend\\api\\models\\allergenables.js": {"path":"H:\\Remek\\Etterem_vizsgaremek\\Etterem_backend\\api\\models\\allergenables.js","statementMap":{"0":{"start":{"line":1,"column":0},"end":{"line":29,"column":1}},"1":{"start":{"line":2,"column":25},"end":{"line":26,"column":5}},"2":{"start":{"line":28,"column":4},"end":{"line":28,"column":23}}},"fnMap":{"0":{"name":"(anonymous_0)","decl":{"start":{"line":1,"column":17},"end":{"line":1,"column":18}},"loc":{"start":{"line":1,"column":43},"end":{"line":29,"column":1}},"line":1}},"branchMap":{},"s":{"0":1,"1":1,"2":1},"f":{"0":1},"b":{},"_coverageSchema":"1a1c01bbd47fc00a2c39e90264f33305004495a9","hash":"2870c3579e17ff4510d18d9d2ffa674d364a7577"}
,"H:\\Remek\\Etterem_vizsgaremek\\Etterem_backend\\api\\models\\allergy.js": {"path":"H:\\Remek\\Etterem_vizsgaremek\\Etterem_backend\\api\\models\\allergy.js","statementMap":{"0":{"start":{"line":1,"column":0},"end":{"line":21,"column":1}},"1":{"start":{"line":2,"column":20},"end":{"line":18,"column":5}},"2":{"start":{"line":20,"column":4},"end":{"line":20,"column":18}}},"fnMap":{"0":{"name":"(anonymous_0)","decl":{"start":{"line":1,"column":17},"end":{"line":1,"column":18}},"loc":{"start":{"line":1,"column":43},"end":{"line":21,"column":1}},"line":1}},"branchMap":{},"s":{"0":1,"1":1,"2":1},"f":{"0":1},"b":{},"_coverageSchema":"1a1c01bbd47fc00a2c39e90264f33305004495a9","hash":"b0c56874491a2c51e1fe97c7867ed58665e93ea3"}
,"H:\\Remek\\Etterem_vizsgaremek\\Etterem_backend\\api\\models\\dish.js": {"path":"H:\\Remek\\Etterem_vizsgaremek\\Etterem_backend\\api\\models\\dish.js","statementMap":{"0":{"start":{"line":1,"column":17},"end":{"line":1,"column":30}},"1":{"start":{"line":3,"column":0},"end":{"line":51,"column":1}},"2":{"start":{"line":4,"column":17},"end":{"line":48,"column":5}},"3":{"start":{"line":50,"column":4},"end":{"line":50,"column":15}}},"fnMap":{"0":{"name":"(anonymous_0)","decl":{"start":{"line":3,"column":17},"end":{"line":3,"column":18}},"loc":{"start":{"line":3,"column":43},"end":{"line":51,"column":1}},"line":3}},"branchMap":{},"s":{"0":1,"1":1,"2":1,"3":1},"f":{"0":1},"b":{},"_coverageSchema":"1a1c01bbd47fc00a2c39e90264f33305004495a9","hash":"77026b8d73dda293cbf1c0157fabe4420ade007a"}
,"H:\\Remek\\Etterem_vizsgaremek\\Etterem_backend\\api\\models\\index.js": {"path":"H:\\Remek\\Etterem_vizsgaremek\\Etterem_backend\\api\\models\\index.js","statementMap":{"0":{"start":{"line":1,"column":0},"end":{"line":93,"column":1}},"1":{"start":{"line":2,"column":25},"end":{"line":2,"column":81}},"2":{"start":{"line":3,"column":20},"end":{"line":3,"column":70}},"3":{"start":{"line":4,"column":17},"end":{"line":4,"column":64}},"4":{"start":{"line":5,"column":32},"end":{"line":5,"column":96}},"5":{"start":{"line":6,"column":28},"end":{"line":6,"column":87}},"6":{"start":{"line":7,"column":21},"end":{"line":7,"column":72}},"7":{"start":{"line":8,"column":17},"end":{"line":8,"column":64}},"8":{"start":{"line":10,"column":4},"end":{"line":14,"column":6}},"9":{"start":{"line":16,"column":4},"end":{"line":19,"column":6}},"10":{"start":{"line":21,"column":4},"end":{"line":25,"column":6}},"11":{"start":{"line":27,"column":4},"end":{"line":30,"column":6}},"12":{"start":{"line":32,"column":4},"end":{"line":36,"column":6}},"13":{"start":{"line":38,"column":4},"end":{"line":41,"column":6}},"14":{"start":{"line":43,"column":4},"end":{"line":47,"column":6}},"15":{"start":{"line":49,"column":4},"end":{"line":53,"column":6}},"16":{"start":{"line":55,"column":4},"end":{"line":62,"column":6}},"17":{"start":{"line":64,"column":4},"end":{"line":67,"column":6}},"18":{"start":{"line":69,"column":4},"end":{"line":76,"column":6}},"19":{"start":{"line":78,"column":4},"end":{"line":83,"column":6}},"20":{"start":{"line":85,"column":4},"end":{"line":90,"column":6}},"21":{"start":{"line":92,"column":4},"end":{"line":92,"column":96}}},"fnMap":{"0":{"name":"(anonymous_0)","decl":{"start":{"line":1,"column":17},"end":{"line":1,"column":18}},"loc":{"start":{"line":1,"column":43},"end":{"line":93,"column":1}},"line":1}},"branchMap":{},"s":{"0":1,"1":1,"2":1,"3":1,"4":1,"5":1,"6":1,"7":1,"8":1,"9":1,"10":1,"11":1,"12":1,"13":1,"14":1,"15":1,"16":1,"17":1,"18":1,"19":1,"20":1,"21":1},"f":{"0":1},"b":{},"_coverageSchema":"1a1c01bbd47fc00a2c39e90264f33305004495a9","hash":"3c52bf60f1094bfd4556a72cc6462f4f12e53ff3"}
,"H:\\Remek\\Etterem_vizsgaremek\\Etterem_backend\\api\\models\\order_connection.js": {"path":"H:\\Remek\\Etterem_vizsgaremek\\Etterem_backend\\api\\models\\order_connection.js","statementMap":{"0":{"start":{"line":1,"column":0},"end":{"line":30,"column":1}},"1":{"start":{"line":2,"column":28},"end":{"line":27,"column":5}},"2":{"start":{"line":29,"column":4},"end":{"line":29,"column":26}}},"fnMap":{"0":{"name":"(anonymous_0)","decl":{"start":{"line":1,"column":17},"end":{"line":1,"column":18}},"loc":{"start":{"line":1,"column":43},"end":{"line":30,"column":1}},"line":1}},"branchMap":{},"s":{"0":1,"1":1,"2":1},"f":{"0":1},"b":{},"_coverageSchema":"1a1c01bbd47fc00a2c39e90264f33305004495a9","hash":"35512edec933ce458d2a6e79c783dd8b804b3e24"}
,"H:\\Remek\\Etterem_vizsgaremek\\Etterem_backend\\api\\models\\order_dish_connection.js": {"path":"H:\\Remek\\Etterem_vizsgaremek\\Etterem_backend\\api\\models\\order_dish_connection.js","statementMap":{"0":{"start":{"line":1,"column":0},"end":{"line":36,"column":1}},"1":{"start":{"line":2,"column":32},"end":{"line":33,"column":5}},"2":{"start":{"line":35,"column":4},"end":{"line":35,"column":30}}},"fnMap":{"0":{"name":"(anonymous_0)","decl":{"start":{"line":1,"column":17},"end":{"line":1,"column":18}},"loc":{"start":{"line":1,"column":43},"end":{"line":36,"column":1}},"line":1}},"branchMap":{},"s":{"0":1,"1":1,"2":1},"f":{"0":1},"b":{},"_coverageSchema":"1a1c01bbd47fc00a2c39e90264f33305004495a9","hash":"0ea8ed06aa55f7357d3eb8f3de420bc11d8c3f0c"}
,"H:\\Remek\\Etterem_vizsgaremek\\Etterem_backend\\api\\models\\purchase.js": {"path":"H:\\Remek\\Etterem_vizsgaremek\\Etterem_backend\\api\\models\\purchase.js","statementMap":{"0":{"start":{"line":1,"column":0},"end":{"line":37,"column":1}},"1":{"start":{"line":2,"column":21},"end":{"line":34,"column":5}},"2":{"start":{"line":36,"column":4},"end":{"line":36,"column":19}}},"fnMap":{"0":{"name":"(anonymous_0)","decl":{"start":{"line":1,"column":17},"end":{"line":1,"column":18}},"loc":{"start":{"line":1,"column":43},"end":{"line":37,"column":1}},"line":1}},"branchMap":{},"s":{"0":1,"1":1,"2":1},"f":{"0":1},"b":{},"_coverageSchema":"1a1c01bbd47fc00a2c39e90264f33305004495a9","hash":"2873c890e50b1cf7833540b2e3e07edded03a005"}
,"H:\\Remek\\Etterem_vizsgaremek\\Etterem_backend\\api\\models\\user.js": {"path":"H:\\Remek\\Etterem_vizsgaremek\\Etterem_backend\\api\\models\\user.js","statementMap":{"0":{"start":{"line":1,"column":0},"end":{"line":56,"column":1}},"1":{"start":{"line":2,"column":17},"end":{"line":53,"column":5}},"2":{"start":{"line":55,"column":4},"end":{"line":55,"column":15}}},"fnMap":{"0":{"name":"(anonymous_0)","decl":{"start":{"line":1,"column":17},"end":{"line":1,"column":18}},"loc":{"start":{"line":1,"column":43},"end":{"line":56,"column":1}},"line":1}},"branchMap":{},"s":{"0":1,"1":1,"2":1},"f":{"0":1},"b":{},"_coverageSchema":"1a1c01bbd47fc00a2c39e90264f33305004495a9","hash":"81eecb1f50fc16e1ad86d674959e782eb4d2bed7"}
,"H:\\Remek\\Etterem_vizsgaremek\\Etterem_backend\\api\\repositories\\dishRepository.js": {"path":"H:\\Remek\\Etterem_vizsgaremek\\Etterem_backend\\api\\repositories\\dishRepository.js","statementMap":{"0":{"start":{"line":1,"column":11},"end":{"line":1,"column":37}},"1":{"start":{"line":7,"column":8},"end":{"line":7,"column":27}},"2":{"start":{"line":13,"column":8},"end":{"line":19,"column":14}},"3":{"start":{"line":24,"column":8},"end":{"line":24,"column":42}},"4":{"start":{"line":31,"column":8},"end":{"line":31,"column":36}},"5":{"start":{"line":36,"column":8},"end":{"line":42,"column":14}},"6":{"start":{"line":46,"column":0},"end":{"line":46,"column":39}}},"fnMap":{"0":{"name":"(anonymous_0)","decl":{"start":{"line":5,"column":4},"end":{"line":5,"column":5}},"loc":{"start":{"line":6,"column":4},"end":{"line":8,"column":5}},"line":6},"1":{"name":"(anonymous_1)","decl":{"start":{"line":11,"column":4},"end":{"line":11,"column":5}},"loc":{"start":{"line":12,"column":4},"end":{"line":20,"column":5}},"line":12},"2":{"name":"(anonymous_2)","decl":{"start":{"line":22,"column":4},"end":{"line":22,"column":5}},"loc":{"start":{"line":23,"column":4},"end":{"line":25,"column":5}},"line":23},"3":{"name":"(anonymous_3)","decl":{"start":{"line":29,"column":4},"end":{"line":29,"column":5}},"loc":{"start":{"line":30,"column":4},"end":{"line":32,"column":5}},"line":30},"4":{"name":"(anonymous_4)","decl":{"start":{"line":34,"column":4},"end":{"line":34,"column":5}},"loc":{"start":{"line":35,"column":4},"end":{"line":43,"column":5}},"line":35}},"branchMap":{},"s":{"0":1,"1":1,"2":0,"3":2,"4":1,"5":1,"6":1},"f":{"0":1,"1":0,"2":2,"3":1,"4":1},"b":{},"_coverageSchema":"1a1c01bbd47fc00a2c39e90264f33305004495a9","hash":"cc6a35edcdcc6d8d07a20f168cd0e40eaedcd354"}
,"H:\\Remek\\Etterem_vizsgaremek\\Etterem_backend\\api\\repositories\\order_connectionRepository.js": {"path":"H:\\Remek\\Etterem_vizsgaremek\\Etterem_backend\\api\\repositories\\order_connectionRepository.js","statementMap":{"0":{"start":{"line":1,"column":11},"end":{"line":1,"column":37}},"1":{"start":{"line":7,"column":8},"end":{"line":7,"column":35}},"2":{"start":{"line":8,"column":8},"end":{"line":8,"column":49}},"3":{"start":{"line":9,"column":8},"end":{"line":9,"column":27}},"4":{"start":{"line":10,"column":8},"end":{"line":10,"column":57}},"5":{"start":{"line":17,"column":25},"end":{"line":17,"column":61}},"6":{"start":{"line":18,"column":20},"end":{"line":22,"column":9}},"7":{"start":{"line":23,"column":8},"end":{"line":23,"column":46}},"8":{"start":{"line":24,"column":8},"end":{"line":34,"column":9}},"9":{"start":{"line":24,"column":20},"end":{"line":24,"column":21}},"10":{"start":{"line":26,"column":25},"end":{"line":32,"column":13}},"11":{"start":{"line":33,"column":12},"end":{"line":33,"column":55}},"12":{"start":{"line":40,"column":0},"end":{"line":40,"column":51}}},"fnMap":{"0":{"name":"(anonymous_0)","decl":{"start":{"line":5,"column":4},"end":{"line":5,"column":5}},"loc":{"start":{"line":6,"column":4},"end":{"line":11,"column":5}},"line":6},"1":{"name":"(anonymous_1)","decl":{"start":{"line":15,"column":4},"end":{"line":15,"column":5}},"loc":{"start":{"line":16,"column":4},"end":{"line":36,"column":5}},"line":16}},"branchMap":{},"s":{"0":1,"1":1,"2":1,"3":1,"4":1,"5":0,"6":0,"7":0,"8":0,"9":0,"10":0,"11":0,"12":1},"f":{"0":1,"1":0},"b":{},"_coverageSchema":"1a1c01bbd47fc00a2c39e90264f33305004495a9","hash":"a21c5c64fa4c8f128a19e870563642d83d942f9a"}
,"H:\\Remek\\Etterem_vizsgaremek\\Etterem_backend\\api\\repositories\\purchaseRepository.js": {"path":"H:\\Remek\\Etterem_vizsgaremek\\Etterem_backend\\api\\repositories\\purchaseRepository.js","statementMap":{"0":{"start":{"line":1,"column":18},"end":{"line":1,"column":38}},"1":{"start":{"line":2,"column":11},"end":{"line":2,"column":37}},"2":{"start":{"line":8,"column":8},"end":{"line":8,"column":35}},"3":{"start":{"line":9,"column":8},"end":{"line":9,"column":49}},"4":{"start":{"line":10,"column":8},"end":{"line":10,"column":27}},"5":{"start":{"line":11,"column":8},"end":{"line":11,"column":57}},"6":{"start":{"line":12,"column":8},"end":{"line":12,"column":27}},"7":{"start":{"line":18,"column":8},"end":{"line":24,"column":14}},"8":{"start":{"line":29,"column":8},"end":{"line":39,"column":10}},"9":{"start":{"line":53,"column":8},"end":{"line":84,"column":10}},"10":{"start":{"line":90,"column":8},"end":{"line":99,"column":14}},"11":{"start":{"line":104,"column":8},"end":{"line":113,"column":9}},"12":{"start":{"line":118,"column":8},"end":{"line":118,"column":44}},"13":{"start":{"line":123,"column":8},"end":{"line":129,"column":14}},"14":{"start":{"line":133,"column":0},"end":{"line":133,"column":43}}},"fnMap":{"0":{"name":"(anonymous_0)","decl":{"start":{"line":6,"column":4},"end":{"line":6,"column":5}},"loc":{"start":{"line":7,"column":4},"end":{"line":13,"column":5}},"line":7},"1":{"name":"(anonymous_1)","decl":{"start":{"line":16,"column":4},"end":{"line":16,"column":5}},"loc":{"start":{"line":17,"column":4},"end":{"line":25,"column":5}},"line":17},"2":{"name":"(anonymous_2)","decl":{"start":{"line":27,"column":4},"end":{"line":27,"column":5}},"loc":{"start":{"line":28,"column":4},"end":{"line":40,"column":5}},"line":28},"3":{"name":"(anonymous_3)","decl":{"start":{"line":52,"column":4},"end":{"line":52,"column":5}},"loc":{"start":{"line":52,"column":33},"end":{"line":85,"column":5}},"line":52},"4":{"name":"(anonymous_4)","decl":{"start":{"line":88,"column":4},"end":{"line":88,"column":5}},"loc":{"start":{"line":89,"column":4},"end":{"line":100,"column":5}},"line":89},"5":{"name":"(anonymous_5)","decl":{"start":{"line":102,"column":4},"end":{"line":102,"column":5}},"loc":{"start":{"line":103,"column":4},"end":{"line":114,"column":5}},"line":103},"6":{"name":"(anonymous_6)","decl":{"start":{"line":116,"column":4},"end":{"line":116,"column":5}},"loc":{"start":{"line":117,"column":4},"end":{"line":119,"column":5}},"line":117},"7":{"name":"(anonymous_7)","decl":{"start":{"line":121,"column":4},"end":{"line":121,"column":5}},"loc":{"start":{"line":122,"column":4},"end":{"line":130,"column":5}},"line":122}},"branchMap":{},"s":{"0":1,"1":1,"2":1,"3":1,"4":1,"5":1,"6":1,"7":0,"8":0,"9":1,"10":0,"11":1,"12":0,"13":0,"14":1},"f":{"0":1,"1":0,"2":0,"3":1,"4":0,"5":1,"6":0,"7":0},"b":{},"_coverageSchema":"1a1c01bbd47fc00a2c39e90264f33305004495a9","hash":"6577f8751f1ffff10c244c687a71aad84c84a8f2"}
,"H:\\Remek\\Etterem_vizsgaremek\\Etterem_backend\\api\\repositories\\userRepository.js": {"path":"H:\\Remek\\Etterem_vizsgaremek\\Etterem_backend\\api\\repositories\\userRepository.js","statementMap":{"0":{"start":{"line":1,"column":11},"end":{"line":1,"column":37}},"1":{"start":{"line":2,"column":22},"end":{"line":2,"column":42}},"2":{"start":{"line":7,"column":8},"end":{"line":7,"column":27}},"3":{"start":{"line":13,"column":8},"end":{"line":20,"column":14}},"4":{"start":{"line":25,"column":8},"end":{"line":25,"column":42}},"5":{"start":{"line":30,"column":8},"end":{"line":39,"column":14}},"6":{"start":{"line":44,"column":24},"end":{"line":44,"column":52}},"7":{"start":{"line":45,"column":8},"end":{"line":45,"column":28}},"8":{"start":{"line":46,"column":8},"end":{"line":46,"column":22}},"9":{"start":{"line":51,"column":8},"end":{"line":57,"column":14}},"10":{"start":{"line":62,"column":8},"end":{"line":71,"column":9}},"11":{"start":{"line":76,"column":8},"end":{"line":80,"column":10}},"12":{"start":{"line":85,"column":8},"end":{"line":91,"column":14}},"13":{"start":{"line":96,"column":8},"end":{"line":105,"column":9}},"14":{"start":{"line":112,"column":0},"end":{"line":112,"column":39}}},"fnMap":{"0":{"name":"(anonymous_0)","decl":{"start":{"line":5,"column":4},"end":{"line":5,"column":5}},"loc":{"start":{"line":6,"column":4},"end":{"line":8,"column":5}},"line":6},"1":{"name":"(anonymous_1)","decl":{"start":{"line":11,"column":4},"end":{"line":11,"column":5}},"loc":{"start":{"line":12,"column":4},"end":{"line":21,"column":5}},"line":12},"2":{"name":"(anonymous_2)","decl":{"start":{"line":23,"column":4},"end":{"line":23,"column":5}},"loc":{"start":{"line":24,"column":4},"end":{"line":26,"column":5}},"line":24},"3":{"name":"(anonymous_3)","decl":{"start":{"line":28,"column":4},"end":{"line":28,"column":5}},"loc":{"start":{"line":29,"column":4},"end":{"line":40,"column":5}},"line":29},"4":{"name":"(anonymous_4)","decl":{"start":{"line":42,"column":4},"end":{"line":42,"column":5}},"loc":{"start":{"line":43,"column":4},"end":{"line":47,"column":5}},"line":43},"5":{"name":"(anonymous_5)","decl":{"start":{"line":49,"column":4},"end":{"line":49,"column":5}},"loc":{"start":{"line":50,"column":4},"end":{"line":58,"column":5}},"line":50},"6":{"name":"(anonymous_6)","decl":{"start":{"line":60,"column":4},"end":{"line":60,"column":5}},"loc":{"start":{"line":61,"column":4},"end":{"line":72,"column":5}},"line":61},"7":{"name":"(anonymous_7)","decl":{"start":{"line":74,"column":4},"end":{"line":74,"column":5}},"loc":{"start":{"line":75,"column":4},"end":{"line":81,"column":5}},"line":75},"8":{"name":"(anonymous_8)","decl":{"start":{"line":83,"column":4},"end":{"line":83,"column":5}},"loc":{"start":{"line":84,"column":4},"end":{"line":92,"column":5}},"line":84},"9":{"name":"(anonymous_9)","decl":{"start":{"line":94,"column":4},"end":{"line":94,"column":5}},"loc":{"start":{"line":95,"column":4},"end":{"line":106,"column":5}},"line":95}},"branchMap":{},"s":{"0":1,"1":1,"2":1,"3":0,"4":2,"5":0,"6":0,"7":0,"8":0,"9":1,"10":0,"11":0,"12":1,"13":0,"14":1},"f":{"0":1,"1":0,"2":2,"3":0,"4":0,"5":1,"6":0,"7":0,"8":1,"9":0},"b":{},"_coverageSchema":"1a1c01bbd47fc00a2c39e90264f33305004495a9","hash":"793831767ddbe4588261f2711f1de6c21851c012"}
,"H:\\Remek\\Etterem_vizsgaremek\\Etterem_backend\\api\\routes\\dishRoutes.js": {"path":"H:\\Remek\\Etterem_vizsgaremek\\Etterem_backend\\api\\routes\\dishRoutes.js","statementMap":{"0":{"start":{"line":1,"column":16},"end":{"line":1,"column":34}},"1":{"start":{"line":2,"column":15},"end":{"line":2,"column":31}},"2":{"start":{"line":4,"column":23},"end":{"line":4,"column":63}},"3":{"start":{"line":6,"column":0},"end":{"line":6,"column":53}},"4":{"start":{"line":8,"column":0},"end":{"line":8,"column":23}}},"fnMap":{},"branchMap":{},"s":{"0":1,"1":1,"2":1,"3":1,"4":1},"f":{},"b":{},"_coverageSchema":"1a1c01bbd47fc00a2c39e90264f33305004495a9","hash":"1e61bc2da3c6b747065707b681aa0840bd7e3863"}
,"H:\\Remek\\Etterem_vizsgaremek\\Etterem_backend\\api\\routes\\purchaseRoutes.js": {"path":"H:\\Remek\\Etterem_vizsgaremek\\Etterem_backend\\api\\routes\\purchaseRoutes.js","statementMap":{"0":{"start":{"line":1,"column":16},"end":{"line":1,"column":34}},"1":{"start":{"line":2,"column":15},"end":{"line":2,"column":31}},"2":{"start":{"line":4,"column":27},"end":{"line":4,"column":71}},"3":{"start":{"line":7,"column":0},"end":{"line":7,"column":76}},"4":{"start":{"line":9,"column":0},"end":{"line":9,"column":63}},"5":{"start":{"line":11,"column":0},"end":{"line":11,"column":76}},"6":{"start":{"line":14,"column":0},"end":{"line":14,"column":23}}},"fnMap":{},"branchMap":{},"s":{"0":1,"1":1,"2":1,"3":1,"4":1,"5":1,"6":1},"f":{},"b":{},"_coverageSchema":"1a1c01bbd47fc00a2c39e90264f33305004495a9","hash":"17717f239fd7a0b29c4e0e4d3d3f6e1d2a87c055"}
,"H:\\Remek\\Etterem_vizsgaremek\\Etterem_backend\\api\\routes\\testRouter.js": {"path":"H:\\Remek\\Etterem_vizsgaremek\\Etterem_backend\\api\\routes\\testRouter.js","statementMap":{"0":{"start":{"line":1,"column":16},"end":{"line":1,"column":34}},"1":{"start":{"line":2,"column":15},"end":{"line":2,"column":31}},"2":{"start":{"line":4,"column":23},"end":{"line":4,"column":63}},"3":{"start":{"line":6,"column":0},"end":{"line":6,"column":42}},"4":{"start":{"line":9,"column":0},"end":{"line":9,"column":23}}},"fnMap":{},"branchMap":{},"s":{"0":1,"1":1,"2":1,"3":1,"4":1},"f":{},"b":{},"_coverageSchema":"1a1c01bbd47fc00a2c39e90264f33305004495a9","hash":"49eadd24037f1cfa76d743a3c9b0f2197c71437a"}
,"H:\\Remek\\Etterem_vizsgaremek\\Etterem_backend\\api\\routes\\userRoutes.js": {"path":"H:\\Remek\\Etterem_vizsgaremek\\Etterem_backend\\api\\routes\\userRoutes.js","statementMap":{"0":{"start":{"line":1,"column":16},"end":{"line":1,"column":34}},"1":{"start":{"line":2,"column":15},"end":{"line":2,"column":31}},"2":{"start":{"line":4,"column":23},"end":{"line":4,"column":63}},"3":{"start":{"line":5,"column":17},"end":{"line":5,"column":51}},"4":{"start":{"line":11,"column":0},"end":{"line":11,"column":75}},"5":{"start":{"line":13,"column":0},"end":{"line":13,"column":51}},"6":{"start":{"line":15,"column":0},"end":{"line":15,"column":51}},"7":{"start":{"line":17,"column":0},"end":{"line":17,"column":47}},"8":{"start":{"line":19,"column":0},"end":{"line":19,"column":49}},"9":{"start":{"line":21,"column":0},"end":{"line":21,"column":59}},"10":{"start":{"line":23,"column":0},"end":{"line":23,"column":55}},"11":{"start":{"line":25,"column":0},"end":{"line":25,"column":62}},"12":{"start":{"line":27,"column":0},"end":{"line":27,"column":83}},"13":{"start":{"line":30,"column":0},"end":{"line":30,"column":23}}},"fnMap":{},"branchMap":{},"s":{"0":1,"1":1,"2":1,"3":1,"4":1,"5":1,"6":1,"7":1,"8":1,"9":1,"10":1,"11":1,"12":1,"13":1},"f":{},"b":{},"_coverageSchema":"1a1c01bbd47fc00a2c39e90264f33305004495a9","hash":"ee2fe6a0e6411dbb6803cd6f3d8d3862358e50ca"}
,"H:\\Remek\\Etterem_vizsgaremek\\Etterem_backend\\api\\services\\dishService.js": {"path":"H:\\Remek\\Etterem_vizsgaremek\\Etterem_backend\\api\\services\\dishService.js","statementMap":{"0":{"start":{"line":1,"column":23},"end":{"line":1,"column":64}},"1":{"start":{"line":7,"column":8},"end":{"line":7,"column":52}},"2":{"start":{"line":12,"column":8},"end":{"line":12,"column":50}},"3":{"start":{"line":16,"column":0},"end":{"line":16,"column":34}}},"fnMap":{"0":{"name":"(anonymous_0)","decl":{"start":{"line":5,"column":4},"end":{"line":5,"column":5}},"loc":{"start":{"line":6,"column":4},"end":{"line":8,"column":5}},"line":6},"1":{"name":"(anonymous_1)","decl":{"start":{"line":10,"column":4},"end":{"line":10,"column":5}},"loc":{"start":{"line":11,"column":4},"end":{"line":13,"column":5}},"line":11}},"branchMap":{},"s":{"0":1,"1":0,"2":0,"3":1},"f":{"0":0,"1":0},"b":{},"_coverageSchema":"1a1c01bbd47fc00a2c39e90264f33305004495a9","hash":"46c5119ce91fbddc0938be8d5e3d644ec0df23ab"}
,"H:\\Remek\\Etterem_vizsgaremek\\Etterem_backend\\api\\services\\orderConnectionService.js": {"path":"H:\\Remek\\Etterem_vizsgaremek\\Etterem_backend\\api\\services\\orderConnectionService.js","statementMap":{"0":{"start":{"line":1,"column":34},"end":{"line":1,"column":87}},"1":{"start":{"line":8,"column":8},"end":{"line":8,"column":94}},"2":{"start":{"line":13,"column":0},"end":{"line":13,"column":45}}},"fnMap":{"0":{"name":"(anonymous_0)","decl":{"start":{"line":6,"column":4},"end":{"line":6,"column":5}},"loc":{"start":{"line":7,"column":4},"end":{"line":9,"column":5}},"line":7}},"branchMap":{},"s":{"0":1,"1":0,"2":1},"f":{"0":0},"b":{},"_coverageSchema":"1a1c01bbd47fc00a2c39e90264f33305004495a9","hash":"0b2c431d1bb23d0bfedb5c63336c034fc7801cb0"}
,"H:\\Remek\\Etterem_vizsgaremek\\Etterem_backend\\api\\services\\purchaseService.js": {"path":"H:\\Remek\\Etterem_vizsgaremek\\Etterem_backend\\api\\services\\purchaseService.js","statementMap":{"0":{"start":{"line":1,"column":27},"end":{"line":1,"column":72}},"1":{"start":{"line":7,"column":8},"end":{"line":7,"column":66}},"2":{"start":{"line":12,"column":8},"end":{"line":12,"column":62}},"3":{"start":{"line":18,"column":0},"end":{"line":18,"column":38}}},"fnMap":{"0":{"name":"(anonymous_0)","decl":{"start":{"line":5,"column":4},"end":{"line":5,"column":5}},"loc":{"start":{"line":6,"column":4},"end":{"line":8,"column":5}},"line":6},"1":{"name":"(anonymous_1)","decl":{"start":{"line":10,"column":4},"end":{"line":10,"column":5}},"loc":{"start":{"line":11,"column":4},"end":{"line":13,"column":5}},"line":11}},"branchMap":{},"s":{"0":1,"1":1,"2":1,"3":1},"f":{"0":1,"1":1},"b":{},"_coverageSchema":"1a1c01bbd47fc00a2c39e90264f33305004495a9","hash":"6b9a317813c37f0482f3b33b03dcc0b91584d962"}
,"H:\\Remek\\Etterem_vizsgaremek\\Etterem_backend\\api\\services\\userService.js": {"path":"H:\\Remek\\Etterem_vizsgaremek\\Etterem_backend\\api\\services\\userService.js","statementMap":{"0":{"start":{"line":1,"column":24},"end":{"line":1,"column":65}},"1":{"start":{"line":7,"column":8},"end":{"line":7,"column":52}},"2":{"start":{"line":12,"column":8},"end":{"line":12,"column":48}},"3":{"start":{"line":17,"column":8},"end":{"line":17,"column":47}},"4":{"start":{"line":22,"column":8},"end":{"line":22,"column":43}},"5":{"start":{"line":27,"column":8},"end":{"line":27,"column":51}},"6":{"start":{"line":32,"column":8},"end":{"line":32,"column":70}},"7":{"start":{"line":37,"column":8},"end":{"line":37,"column":57}},"8":{"start":{"line":42,"column":8},"end":{"line":42,"column":57}},"9":{"start":{"line":47,"column":8},"end":{"line":47,"column":63}},"10":{"start":{"line":51,"column":0},"end":{"line":51,"column":34}}},"fnMap":{"0":{"name":"(anonymous_0)","decl":{"start":{"line":5,"column":4},"end":{"line":5,"column":5}},"loc":{"start":{"line":6,"column":4},"end":{"line":8,"column":5}},"line":6},"1":{"name":"(anonymous_1)","decl":{"start":{"line":10,"column":4},"end":{"line":10,"column":5}},"loc":{"start":{"line":11,"column":4},"end":{"line":13,"column":5}},"line":11},"2":{"name":"(anonymous_2)","decl":{"start":{"line":15,"column":4},"end":{"line":15,"column":5}},"loc":{"start":{"line":16,"column":4},"end":{"line":18,"column":5}},"line":16},"3":{"name":"(anonymous_3)","decl":{"start":{"line":20,"column":4},"end":{"line":20,"column":5}},"loc":{"start":{"line":21,"column":4},"end":{"line":23,"column":5}},"line":21},"4":{"name":"(anonymous_4)","decl":{"start":{"line":25,"column":4},"end":{"line":25,"column":5}},"loc":{"start":{"line":26,"column":4},"end":{"line":28,"column":5}},"line":26},"5":{"name":"(anonymous_5)","decl":{"start":{"line":30,"column":4},"end":{"line":30,"column":5}},"loc":{"start":{"line":31,"column":4},"end":{"line":33,"column":5}},"line":31},"6":{"name":"(anonymous_6)","decl":{"start":{"line":35,"column":4},"end":{"line":35,"column":5}},"loc":{"start":{"line":36,"column":4},"end":{"line":38,"column":5}},"line":36},"7":{"name":"(anonymous_7)","decl":{"start":{"line":40,"column":4},"end":{"line":40,"column":5}},"loc":{"start":{"line":41,"column":4},"end":{"line":43,"column":5}},"line":41},"8":{"name":"(anonymous_8)","decl":{"start":{"line":45,"column":4},"end":{"line":45,"column":5}},"loc":{"start":{"line":46,"column":4},"end":{"line":48,"column":5}},"line":46}},"branchMap":{},"s":{"0":1,"1":0,"2":2,"3":0,"4":1,"5":0,"6":0,"7":1,"8":0,"9":0,"10":1},"f":{"0":0,"1":2,"2":0,"3":1,"4":0,"5":0,"6":1,"7":0,"8":0},"b":{},"_coverageSchema":"1a1c01bbd47fc00a2c39e90264f33305004495a9","hash":"ac9eab788461f29cb4b916f083cb2543daa38d49"}
}
