TN:
SF:app.js
FNF:0
FNH:0
DA:1,1
DA:2,1
DA:3,1
DA:4,1
DA:6,1
DA:7,1
DA:9,1
DA:10,1
DA:12,1
DA:21,1
DA:23,1
DA:24,1
DA:25,1
DA:26,1
DA:31,1
DA:32,1
DA:33,1
DA:36,1
DA:38,1
DA:39,1
DA:41,1
LF:21
LH:21
BRF:0
BRH:0
end_of_record
TN:
SF:api\controllers\dishController.js
FN:3,(anonymous_0)
FN:64,(anonymous_1)
FNF:2
FNH:0
FNDA:0,(anonymous_0)
FNDA:0,(anonymous_1)
DA:1,1
DA:3,1
DA:5,0
DA:7,0
DA:8,0
DA:9,0
DA:10,0
DA:12,0
DA:13,0
DA:14,0
DA:16,0
DA:18,0
DA:19,0
DA:20,0
DA:22,0
DA:24,0
DA:25,0
DA:26,0
DA:28,0
DA:30,0
DA:31,0
DA:32,0
DA:34,0
DA:36,0
DA:37,0
DA:38,0
DA:40,0
DA:51,0
DA:52,0
DA:54,0
DA:55,0
DA:58,0
DA:60,0
DA:64,1
DA:66,0
DA:68,0
DA:69,0
DA:71,0
LF:38
LH:3
BRDA:10,0,0,0
BRDA:10,0,1,0
BRDA:16,1,0,0
BRDA:16,1,1,0
BRDA:16,2,0,0
BRDA:16,2,1,0
BRDA:22,3,0,0
BRDA:22,3,1,0
BRDA:28,4,0,0
BRDA:28,4,1,0
BRDA:34,5,0,0
BRDA:34,5,1,0
BRDA:52,6,0,0
BRDA:52,6,1,0
BRF:14
BRH:0
end_of_record
TN:
SF:api\controllers\purchaseController.js
FN:4,(anonymous_0)
FN:16,(anonymous_1)
FN:36,(anonymous_2)
FN:45,(anonymous_3)
FN:46,(anonymous_4)
FN:75,(anonymous_5)
FN:80,(anonymous_6)
FNF:7
FNH:3
FNDA:1,(anonymous_0)
FNDA:1,(anonymous_1)
FNDA:1,(anonymous_2)
FNDA:0,(anonymous_3)
FNDA:0,(anonymous_4)
FNDA:0,(anonymous_5)
FNDA:0,(anonymous_6)
DA:1,1
DA:2,1
DA:4,1
DA:6,1
DA:8,1
DA:10,0
DA:12,1
DA:16,1
DA:18,1
DA:20,1
DA:21,1
DA:22,1
DA:23,0
DA:24,0
DA:25,0
DA:27,1
DA:28,1
DA:29,0
DA:30,0
DA:32,1
DA:36,1
DA:38,1
DA:40,1
DA:41,1
DA:42,1
DA:43,1
DA:44,1
DA:45,1
DA:46,0
DA:47,0
DA:48,0
DA:49,0
DA:50,0
DA:52,0
DA:53,0
DA:54,0
DA:55,0
DA:57,0
DA:58,0
DA:59,0
DA:60,0
DA:62,0
DA:69,0
DA:71,0
DA:72,0
DA:73,0
DA:75,0
DA:76,0
DA:77,0
DA:78,0
DA:80,0
DA:81,0
DA:82,0
DA:83,0
DA:86,0
DA:87,0
DA:89,0
DA:90,0
DA:93,0
DA:95,1
LF:60
LH:23
BRDA:22,0,0,0
BRDA:22,0,1,1
BRDA:22,1,0,1
BRDA:22,1,1,1
BRDA:47,2,0,0
BRDA:47,2,1,0
BRDA:47,3,0,0
BRDA:47,3,1,0
BRDA:52,4,0,0
BRDA:52,4,1,0
BRDA:57,5,0,0
BRDA:57,5,1,0
BRDA:57,6,0,0
BRDA:57,6,1,0
BRDA:69,7,0,0
BRDA:69,7,1,0
BRDA:69,8,0,0
BRDA:69,8,1,0
BRDA:69,8,2,0
BRDA:75,9,0,0
BRDA:75,9,1,0
BRDA:80,10,0,0
BRDA:80,10,1,0
BRDA:87,11,0,0
BRDA:87,11,1,0
BRF:25
BRH:3
end_of_record
TN:
SF:api\controllers\testController.js
FN:7,(anonymous_0)
FNF:1
FNH:0
FNDA:0,(anonymous_0)
DA:1,1
DA:2,1
DA:3,1
DA:4,1
DA:7,1
DA:9,0
DA:11,0
DA:13,0
DA:38,0
DA:40,0
DA:41,0
DA:45,0
DA:175,0
DA:177,0
DA:178,0
DA:181,0
DA:182,0
DA:208,0
DA:225,0
DA:227,0
DA:228,0
DA:232,0
DA:233,0
DA:236,0
DA:237,0
LF:25
LH:5
BRF:0
BRH:0
end_of_record
TN:
SF:api\controllers\userController.js
FN:8,(anonymous_0)
FN:27,(anonymous_1)
FN:37,(anonymous_2)
FN:86,sendMail
FN:148,(anonymous_4)
FN:158,(anonymous_5)
FN:184,(anonymous_6)
FN:220,(anonymous_7)
FN:230,(anonymous_8)
FN:250,(anonymous_9)
FN:260,(anonymous_10)
FN:290,(anonymous_11)
FN:301,sendMail
FNF:13
FNH:5
FNDA:0,(anonymous_0)
FNDA:2,(anonymous_1)
FNDA:1,(anonymous_2)
FNDA:0,sendMail
FNDA:1,(anonymous_4)
FNDA:0,(anonymous_5)
FNDA:1,(anonymous_6)
FNDA:0,(anonymous_7)
FNDA:1,(anonymous_8)
FNDA:0,(anonymous_9)
FNDA:0,(anonymous_10)
FNDA:0,(anonymous_11)
FNDA:0,sendMail
DA:1,1
DA:2,1
DA:3,1
DA:4,1
DA:5,1
DA:8,1
DA:10,0
DA:12,0
DA:14,0
DA:15,0
DA:16,0
DA:17,0
DA:20,0
DA:21,0
DA:23,0
DA:27,1
DA:29,2
DA:30,2
DA:31,0
DA:33,2
DA:37,1
DA:38,1
DA:39,1
DA:40,1
DA:42,1
DA:43,0
DA:44,0
DA:45,0
DA:47,0
DA:48,0
DA:49,0
DA:50,0
DA:52,0
DA:53,0
DA:54,0
DA:55,0
DA:57,0
DA:58,0
DA:59,0
DA:60,0
DA:62,0
DA:63,0
DA:64,0
DA:65,0
DA:68,0
DA:81,0
DA:82,0
DA:83,0
DA:84,0
DA:87,0
DA:96,0
DA:125,0
DA:126,0
DA:127,0
DA:128,0
DA:129,0
DA:132,0
DA:135,0
DA:137,0
DA:139,0
DA:141,0
DA:143,1
DA:148,1
DA:149,1
DA:150,1
DA:151,1
DA:152,1
DA:153,1
DA:154,1
DA:157,0
DA:158,0
DA:159,0
DA:160,0
DA:162,0
DA:164,0
DA:165,0
DA:166,0
DA:167,0
DA:168,0
DA:171,0
DA:172,0
DA:173,0
DA:174,0
DA:175,0
DA:177,0
DA:180,1
DA:184,1
DA:186,1
DA:188,1
DA:189,1
DA:191,1
DA:192,1
DA:193,1
DA:195,0
DA:197,0
DA:198,0
DA:199,0
DA:202,0
DA:203,0
DA:204,0
DA:206,0
DA:207,0
DA:209,0
DA:210,0
DA:211,0
DA:214,0
DA:216,1
DA:220,1
DA:222,0
DA:224,0
DA:226,0
DA:230,1
DA:232,1
DA:234,1
DA:235,1
DA:236,1
DA:237,0
DA:238,0
DA:239,0
DA:242,1
DA:243,0
DA:244,0
DA:246,1
DA:250,1
DA:251,0
DA:252,0
DA:253,0
DA:254,0
DA:255,0
DA:256,0
DA:258,0
DA:260,0
DA:261,0
DA:262,0
DA:264,0
DA:266,0
DA:267,0
DA:268,0
DA:269,0
DA:270,0
DA:272,0
DA:273,0
DA:274,0
DA:275,0
DA:278,0
DA:279,0
DA:280,0
DA:281,0
DA:282,0
DA:284,0
DA:286,0
DA:290,1
DA:291,0
DA:293,0
DA:295,0
DA:297,0
DA:298,0
DA:299,0
DA:302,0
DA:311,0
DA:339,0
DA:340,0
DA:341,0
DA:342,0
DA:343,0
DA:346,0
DA:349,0
DA:351,0
DA:353,0
LF:169
LH:42
BRDA:14,0,0,0
BRDA:14,0,1,0
BRDA:14,1,0,0
BRDA:14,1,1,0
BRDA:44,2,0,0
BRDA:44,2,1,0
BRDA:45,3,0,0
BRDA:45,3,1,0
BRDA:47,4,0,0
BRDA:47,4,1,0
BRDA:52,5,0,0
BRDA:52,5,1,0
BRDA:57,6,0,0
BRDA:57,6,1,0
BRDA:62,7,0,0
BRDA:62,7,1,0
BRDA:82,8,0,0
BRDA:82,8,1,0
BRDA:126,9,0,0
BRDA:126,9,1,0
BRDA:151,10,0,1
BRDA:151,10,1,0
BRDA:159,11,0,0
BRDA:159,11,1,0
BRDA:165,12,0,0
BRDA:165,12,1,0
BRDA:165,13,0,0
BRDA:165,13,1,0
BRDA:172,14,0,0
BRDA:172,14,1,0
BRDA:189,15,0,1
BRDA:189,15,1,0
BRDA:195,16,0,0
BRDA:195,16,1,0
BRDA:203,17,0,0
BRDA:203,17,1,0
BRDA:206,18,0,0
BRDA:206,18,1,0
BRDA:209,19,0,0
BRDA:209,19,1,0
BRDA:236,20,0,0
BRDA:236,20,1,1
BRDA:236,21,0,1
BRDA:236,21,1,1
BRDA:253,22,0,0
BRDA:253,22,1,0
BRDA:261,23,0,0
BRDA:261,23,1,0
BRDA:267,24,0,0
BRDA:267,24,1,0
BRDA:267,25,0,0
BRDA:267,25,1,0
BRDA:272,26,0,0
BRDA:272,26,1,0
BRDA:279,27,0,0
BRDA:279,27,1,0
BRDA:297,28,0,0
BRDA:297,28,1,0
BRDA:340,29,0,0
BRDA:340,29,1,0
BRF:60
BRH:5
end_of_record
TN:
SF:api\middlewares\errorHandler.js
FN:1,(anonymous_0)
FN:10,(anonymous_1)
FNF:2
FNH:2
FNDA:1,(anonymous_0)
FNDA:10,(anonymous_1)
DA:1,1
DA:3,1
DA:5,1
DA:7,1
DA:10,1
DA:12,10
DA:14,10
DA:16,10
LF:8
LH:8
BRDA:12,0,0,10
BRDA:12,0,1,0
BRDA:14,1,0,10
BRDA:14,1,1,7
BRF:4
BRH:3
end_of_record
TN:
SF:api\middlewares\userAuth.js
FN:3,(anonymous_0)
FN:11,(anonymous_1)
FNF:2
FNH:0
FNDA:0,(anonymous_0)
FNDA:0,(anonymous_1)
DA:1,1
DA:3,1
DA:5,0
DA:6,0
DA:7,0
DA:11,0
DA:12,0
DA:13,0
DA:17,0
DA:18,0
LF:10
LH:2
BRDA:5,0,0,0
BRDA:5,0,1,0
BRDA:6,1,0,0
BRDA:6,1,1,0
BRDA:12,2,0,0
BRDA:12,2,1,0
BRF:6
BRH:0
end_of_record
TN:
SF:api\models\allergenables.js
FN:1,(anonymous_0)
FNF:1
FNH:1
FNDA:1,(anonymous_0)
DA:1,1
DA:2,1
DA:28,1
LF:3
LH:3
BRF:0
BRH:0
end_of_record
TN:
SF:api\models\allergy.js
FN:1,(anonymous_0)
FNF:1
FNH:1
FNDA:1,(anonymous_0)
DA:1,1
DA:2,1
DA:20,1
LF:3
LH:3
BRF:0
BRH:0
end_of_record
TN:
SF:api\models\dish.js
FN:3,(anonymous_0)
FNF:1
FNH:1
FNDA:1,(anonymous_0)
DA:1,1
DA:3,1
DA:4,1
DA:50,1
LF:4
LH:4
BRF:0
BRH:0
end_of_record
TN:
SF:api\models\index.js
FN:1,(anonymous_0)
FNF:1
FNH:1
FNDA:1,(anonymous_0)
DA:1,1
DA:2,1
DA:3,1
DA:4,1
DA:5,1
DA:6,1
DA:7,1
DA:8,1
DA:10,1
DA:16,1
DA:21,1
DA:27,1
DA:32,1
DA:38,1
DA:43,1
DA:49,1
DA:55,1
DA:64,1
DA:69,1
DA:78,1
DA:85,1
DA:92,1
LF:22
LH:22
BRF:0
BRH:0
end_of_record
TN:
SF:api\models\order_connection.js
FN:1,(anonymous_0)
FNF:1
FNH:1
FNDA:1,(anonymous_0)
DA:1,1
DA:2,1
DA:29,1
LF:3
LH:3
BRF:0
BRH:0
end_of_record
TN:
SF:api\models\order_dish_connection.js
FN:1,(anonymous_0)
FNF:1
FNH:1
FNDA:1,(anonymous_0)
DA:1,1
DA:2,1
DA:35,1
LF:3
LH:3
BRF:0
BRH:0
end_of_record
TN:
SF:api\models\purchase.js
FN:1,(anonymous_0)
FNF:1
FNH:1
FNDA:1,(anonymous_0)
DA:1,1
DA:2,1
DA:36,1
LF:3
LH:3
BRF:0
BRH:0
end_of_record
TN:
SF:api\models\user.js
FN:1,(anonymous_0)
FNF:1
FNH:1
FNDA:1,(anonymous_0)
DA:1,1
DA:2,1
DA:55,1
LF:3
LH:3
BRF:0
BRH:0
end_of_record
TN:
SF:api\repositories\dishRepository.js
FN:5,(anonymous_0)
FN:11,(anonymous_1)
FN:22,(anonymous_2)
FN:29,(anonymous_3)
FN:34,(anonymous_4)
FNF:5
FNH:4
FNDA:1,(anonymous_0)
FNDA:0,(anonymous_1)
FNDA:2,(anonymous_2)
FNDA:1,(anonymous_3)
FNDA:1,(anonymous_4)
DA:1,1
DA:7,1
DA:13,0
DA:24,2
DA:31,1
DA:36,1
DA:46,1
LF:7
LH:6
BRF:0
BRH:0
end_of_record
TN:
SF:api\repositories\order_connectionRepository.js
FN:5,(anonymous_0)
FN:15,(anonymous_1)
FNF:2
FNH:1
FNDA:1,(anonymous_0)
FNDA:0,(anonymous_1)
DA:1,1
DA:7,1
DA:8,1
DA:9,1
DA:10,1
DA:17,0
DA:18,0
DA:23,0
DA:24,0
DA:26,0
DA:33,0
DA:40,1
LF:12
LH:6
BRF:0
BRH:0
end_of_record
TN:
SF:api\repositories\purchaseRepository.js
FN:6,(anonymous_0)
FN:16,(anonymous_1)
FN:27,(anonymous_2)
FN:52,(anonymous_3)
FN:88,(anonymous_4)
FN:102,(anonymous_5)
FN:116,(anonymous_6)
FN:121,(anonymous_7)
FNF:8
FNH:3
FNDA:1,(anonymous_0)
FNDA:0,(anonymous_1)
FNDA:0,(anonymous_2)
FNDA:1,(anonymous_3)
FNDA:0,(anonymous_4)
FNDA:1,(anonymous_5)
FNDA:0,(anonymous_6)
FNDA:0,(anonymous_7)
DA:1,1
DA:2,1
DA:8,1
DA:9,1
DA:10,1
DA:11,1
DA:12,1
DA:18,0
DA:29,0
DA:53,1
DA:90,0
DA:104,1
DA:118,0
DA:123,0
DA:133,1
LF:15
LH:10
BRF:0
BRH:0
end_of_record
TN:
SF:api\repositories\userRepository.js
FN:5,(anonymous_0)
FN:11,(anonymous_1)
FN:23,(anonymous_2)
FN:28,(anonymous_3)
FN:42,(anonymous_4)
FN:49,(anonymous_5)
FN:60,(anonymous_6)
FN:74,(anonymous_7)
FN:83,(anonymous_8)
FN:94,(anonymous_9)
FNF:10
FNH:4
FNDA:1,(anonymous_0)
FNDA:0,(anonymous_1)
FNDA:2,(anonymous_2)
FNDA:0,(anonymous_3)
FNDA:0,(anonymous_4)
FNDA:1,(anonymous_5)
FNDA:0,(anonymous_6)
FNDA:0,(anonymous_7)
FNDA:1,(anonymous_8)
FNDA:0,(anonymous_9)
DA:1,1
DA:2,1
DA:7,1
DA:13,0
DA:25,2
DA:30,0
DA:44,0
DA:45,0
DA:46,0
DA:51,1
DA:62,0
DA:76,0
DA:85,1
DA:96,0
DA:112,1
LF:15
LH:7
BRF:0
BRH:0
end_of_record
TN:
SF:api\routes\dishRoutes.js
FNF:0
FNH:0
DA:1,1
DA:2,1
DA:4,1
DA:6,1
DA:8,1
LF:5
LH:5
BRF:0
BRH:0
end_of_record
TN:
SF:api\routes\purchaseRoutes.js
FNF:0
FNH:0
DA:1,1
DA:2,1
DA:4,1
DA:7,1
DA:9,1
DA:11,1
DA:14,1
LF:7
LH:7
BRF:0
BRH:0
end_of_record
TN:
SF:api\routes\testRouter.js
FNF:0
FNH:0
DA:1,1
DA:2,1
DA:4,1
DA:6,1
DA:9,1
LF:5
LH:5
BRF:0
BRH:0
end_of_record
TN:
SF:api\routes\userRoutes.js
FNF:0
FNH:0
DA:1,1
DA:2,1
DA:4,1
DA:5,1
DA:11,1
DA:13,1
DA:15,1
DA:17,1
DA:19,1
DA:21,1
DA:23,1
DA:25,1
DA:27,1
DA:30,1
LF:14
LH:14
BRF:0
BRH:0
end_of_record
TN:
SF:api\services\dishService.js
FN:5,(anonymous_0)
FN:10,(anonymous_1)
FNF:2
FNH:0
FNDA:0,(anonymous_0)
FNDA:0,(anonymous_1)
DA:1,1
DA:7,0
DA:12,0
DA:16,1
LF:4
LH:2
BRF:0
BRH:0
end_of_record
TN:
SF:api\services\orderConnectionService.js
FN:6,(anonymous_0)
FNF:1
FNH:0
FNDA:0,(anonymous_0)
DA:1,1
DA:8,0
DA:13,1
LF:3
LH:2
BRF:0
BRH:0
end_of_record
TN:
SF:api\services\purchaseService.js
FN:5,(anonymous_0)
FN:10,(anonymous_1)
FNF:2
FNH:2
FNDA:1,(anonymous_0)
FNDA:1,(anonymous_1)
DA:1,1
DA:7,1
DA:12,1
DA:18,1
LF:4
LH:4
BRF:0
BRH:0
end_of_record
TN:
SF:api\services\userService.js
FN:5,(anonymous_0)
FN:10,(anonymous_1)
FN:15,(anonymous_2)
FN:20,(anonymous_3)
FN:25,(anonymous_4)
FN:30,(anonymous_5)
FN:35,(anonymous_6)
FN:40,(anonymous_7)
FN:45,(anonymous_8)
FNF:9
FNH:3
FNDA:0,(anonymous_0)
FNDA:2,(anonymous_1)
FNDA:0,(anonymous_2)
FNDA:1,(anonymous_3)
FNDA:0,(anonymous_4)
FNDA:0,(anonymous_5)
FNDA:1,(anonymous_6)
FNDA:0,(anonymous_7)
FNDA:0,(anonymous_8)
DA:1,1
DA:7,0
DA:12,2
DA:17,0
DA:22,1
DA:27,0
DA:32,0
DA:37,1
DA:42,0
DA:47,0
DA:51,1
LF:11
LH:5
BRF:0
BRH:0
end_of_record
